The system is: Linux - 4.18.0-348.el8.x86_64 - x86_64
Compiling the C compiler identification source file "CMakeCCompilerId.c" succeeded.
Compiler: /opt/rh/gcc-toolset-11/root/usr/bin/gcc 
Build flags: 
Id flags:  

The output was:
0


Compilation of the C compiler identification source "CMakeCCompilerId.c" produced "a.out"

The C compiler identification is GNU, found in "/home/s5221926/CFA/programming-project-IsabelJoseph101/build/CMakeFiles/3.20.2/CompilerIdC/a.out"

Compiling the CXX compiler identification source file "CMakeCXXCompilerId.cpp" succeeded.
Compiler: /opt/rh/gcc-toolset-11/root/usr/bin/g++ 
Build flags: 
Id flags:  

The output was:
0


Compilation of the CXX compiler identification source "CMakeCXXCompilerId.cpp" produced "a.out"

The CXX compiler identification is GNU, found in "/home/s5221926/CFA/programming-project-IsabelJoseph101/build/CMakeFiles/3.20.2/CompilerIdCXX/a.out"

Detecting C compiler ABI info compiled with the following output:
Change Dir: /home/s5221926/CFA/programming-project-IsabelJoseph101/build/CMakeFiles/CMakeTmp

Run Build Command(s):/usr/bin/ninja-build cmTC_e03fb && [1/2] Building C object CMakeFiles/cmTC_e03fb.dir/CMakeCCompilerABI.c.o
Using built-in specs.
COLLECT_GCC=/opt/rh/gcc-toolset-11/root/usr/bin/gcc
OFFLOAD_TARGET_NAMES=nvptx-none
OFFLOAD_TARGET_DEFAULT=1
Target: x86_64-redhat-linux
Configured with: ../configure --enable-bootstrap --enable-languages=c,c++,fortran,lto --prefix=/opt/rh/gcc-toolset-11/root/usr --mandir=/opt/rh/gcc-toolset-11/root/usr/share/man --infodir=/opt/rh/gcc-toolset-11/root/usr/share/info --with-bugurl=http://bugzilla.redhat.com/bugzilla --enable-shared --enable-threads=posix --enable-checking=release --enable-multilib --with-system-zlib --enable-__cxa_atexit --disable-libunwind-exceptions --enable-gnu-unique-object --enable-linker-build-id --with-gcc-major-version-only --with-linker-hash-style=gnu --enable-plugin --enable-initfini-array --with-isl=/builddir/build/BUILD/gcc-11.2.1-20210728/obj-x86_64-redhat-linux/isl-install --enable-offload-targets=nvptx-none --without-cuda-driver --enable-gnu-indirect-function --enable-cet --with-tune=generic --with-arch_32=x86-64 --build=x86_64-redhat-linux
Thread model: posix
Supported LTO compression algorithms: zlib zstd
gcc version 11.2.1 20210728 (Red Hat 11.2.1-1) (GCC) 
COLLECT_GCC_OPTIONS='-v' '-o' 'CMakeFiles/cmTC_e03fb.dir/CMakeCCompilerABI.c.o' '-c' '-mtune=generic' '-march=x86-64' '-dumpdir' 'CMakeFiles/cmTC_e03fb.dir/'
 /opt/rh/gcc-toolset-11/root/usr/libexec/gcc/x86_64-redhat-linux/11/cc1 -quiet -v /usr/share/cmake/Modules/CMakeCCompilerABI.c -quiet -dumpdir CMakeFiles/cmTC_e03fb.dir/ -dumpbase CMakeCCompilerABI.c.c -dumpbase-ext .c -mtune=generic -march=x86-64 -version -o /tmp/ccmcyFdl.s
GNU C17 (GCC) version 11.2.1 20210728 (Red Hat 11.2.1-1) (x86_64-redhat-linux)
	compiled by GNU C version 11.2.1 20210728 (Red Hat 11.2.1-1), GMP version 6.1.2, MPFR version 3.1.6-p2, MPC version 1.1.0, isl version isl-0.18-GMP

GGC heuristics: --param ggc-min-expand=100 --param ggc-min-heapsize=131072
ignoring nonexistent directory "/opt/rh/gcc-toolset-11/root/usr/lib/gcc/x86_64-redhat-linux/11/include-fixed"
ignoring nonexistent directory "/opt/rh/gcc-toolset-11/root/usr/lib/gcc/x86_64-redhat-linux/11/../../../../x86_64-redhat-linux/include"
#include "..." search starts here:
#include <...> search starts here:
 /usr/local/cuda-11/include
 .
 /opt/rh/gcc-toolset-11/root/usr/lib/gcc/x86_64-redhat-linux/11/include
 /usr/local/include
 /opt/rh/gcc-toolset-11/root/usr/include
 /usr/include
End of search list.
GNU C17 (GCC) version 11.2.1 20210728 (Red Hat 11.2.1-1) (x86_64-redhat-linux)
	compiled by GNU C version 11.2.1 20210728 (Red Hat 11.2.1-1), GMP version 6.1.2, MPFR version 3.1.6-p2, MPC version 1.1.0, isl version isl-0.18-GMP

GGC heuristics: --param ggc-min-expand=100 --param ggc-min-heapsize=131072
Compiler executable checksum: 889a96953babe86ec55ab82307b86608
COLLECT_GCC_OPTIONS='-v' '-o' 'CMakeFiles/cmTC_e03fb.dir/CMakeCCompilerABI.c.o' '-c' '-mtune=generic' '-march=x86-64' '-dumpdir' 'CMakeFiles/cmTC_e03fb.dir/'
 as -v --64 -o CMakeFiles/cmTC_e03fb.dir/CMakeCCompilerABI.c.o /tmp/ccmcyFdl.s
GNU assembler version 2.36.1 (x86_64-redhat-linux) using BFD version version 2.36.1-1.el8
COMPILER_PATH=/opt/rh/gcc-toolset-11/root/usr/libexec/gcc/x86_64-redhat-linux/11/:/opt/rh/gcc-toolset-11/root/usr/libexec/gcc/x86_64-redhat-linux/11/:/opt/rh/gcc-toolset-11/root/usr/libexec/gcc/x86_64-redhat-linux/:/opt/rh/gcc-toolset-11/root/usr/lib/gcc/x86_64-redhat-linux/11/:/opt/rh/gcc-toolset-11/root/usr/lib/gcc/x86_64-redhat-linux/
LIBRARY_PATH=/opt/rh/gcc-toolset-11/root/usr/lib/gcc/x86_64-redhat-linux/11/:/opt/rh/gcc-toolset-11/root/usr/lib/gcc/x86_64-redhat-linux/11/../../../../lib64/:/lib/../lib64/:/usr/lib/../lib64/:/opt/rh/gcc-toolset-11/root/usr/lib/gcc/x86_64-redhat-linux/11/../../../:/lib/:/usr/lib/
COLLECT_GCC_OPTIONS='-v' '-o' 'CMakeFiles/cmTC_e03fb.dir/CMakeCCompilerABI.c.o' '-c' '-mtune=generic' '-march=x86-64' '-dumpdir' 'CMakeFiles/cmTC_e03fb.dir/CMakeCCompilerABI.c.'
[2/2] Linking C executable cmTC_e03fb
Using built-in specs.
COLLECT_GCC=/opt/rh/gcc-toolset-11/root/usr/bin/gcc
COLLECT_LTO_WRAPPER=/opt/rh/gcc-toolset-11/root/usr/libexec/gcc/x86_64-redhat-linux/11/lto-wrapper
OFFLOAD_TARGET_NAMES=nvptx-none
OFFLOAD_TARGET_DEFAULT=1
Target: x86_64-redhat-linux
Configured with: ../configure --enable-bootstrap --enable-languages=c,c++,fortran,lto --prefix=/opt/rh/gcc-toolset-11/root/usr --mandir=/opt/rh/gcc-toolset-11/root/usr/share/man --infodir=/opt/rh/gcc-toolset-11/root/usr/share/info --with-bugurl=http://bugzilla.redhat.com/bugzilla --enable-shared --enable-threads=posix --enable-checking=release --enable-multilib --with-system-zlib --enable-__cxa_atexit --disable-libunwind-exceptions --enable-gnu-unique-object --enable-linker-build-id --with-gcc-major-version-only --with-linker-hash-style=gnu --enable-plugin --enable-initfini-array --with-isl=/builddir/build/BUILD/gcc-11.2.1-20210728/obj-x86_64-redhat-linux/isl-install --enable-offload-targets=nvptx-none --without-cuda-driver --enable-gnu-indirect-function --enable-cet --with-tune=generic --with-arch_32=x86-64 --build=x86_64-redhat-linux
Thread model: posix
Supported LTO compression algorithms: zlib zstd
gcc version 11.2.1 20210728 (Red Hat 11.2.1-1) (GCC) 
COMPILER_PATH=/opt/rh/gcc-toolset-11/root/usr/libexec/gcc/x86_64-redhat-linux/11/:/opt/rh/gcc-toolset-11/root/usr/libexec/gcc/x86_64-redhat-linux/11/:/opt/rh/gcc-toolset-11/root/usr/libexec/gcc/x86_64-redhat-linux/:/opt/rh/gcc-toolset-11/root/usr/lib/gcc/x86_64-redhat-linux/11/:/opt/rh/gcc-toolset-11/root/usr/lib/gcc/x86_64-redhat-linux/
LIBRARY_PATH=/opt/rh/gcc-toolset-11/root/usr/lib/gcc/x86_64-redhat-linux/11/:/opt/rh/gcc-toolset-11/root/usr/lib/gcc/x86_64-redhat-linux/11/../../../../lib64/:/lib/../lib64/:/usr/lib/../lib64/:/opt/rh/gcc-toolset-11/root/usr/lib/gcc/x86_64-redhat-linux/11/../../../:/lib/:/usr/lib/
COLLECT_GCC_OPTIONS='-v' '-o' 'cmTC_e03fb' '-mtune=generic' '-march=x86-64' '-dumpdir' 'cmTC_e03fb.'
 /opt/rh/gcc-toolset-11/root/usr/libexec/gcc/x86_64-redhat-linux/11/collect2 -plugin /opt/rh/gcc-toolset-11/root/usr/libexec/gcc/x86_64-redhat-linux/11/liblto_plugin.so -plugin-opt=/opt/rh/gcc-toolset-11/root/usr/libexec/gcc/x86_64-redhat-linux/11/lto-wrapper -plugin-opt=-fresolution=/tmp/cclSm0HC.res -plugin-opt=-pass-through=-lgcc -plugin-opt=-pass-through=-lgcc_s -plugin-opt=-pass-through=-lc -plugin-opt=-pass-through=-lgcc -plugin-opt=-pass-through=-lgcc_s --build-id --no-add-needed --eh-frame-hdr --hash-style=gnu -m elf_x86_64 -dynamic-linker /lib64/ld-linux-x86-64.so.2 -o cmTC_e03fb /lib/../lib64/crt1.o /lib/../lib64/crti.o /opt/rh/gcc-toolset-11/root/usr/lib/gcc/x86_64-redhat-linux/11/crtbegin.o -L/opt/rh/gcc-toolset-11/root/usr/lib/gcc/x86_64-redhat-linux/11 -L/opt/rh/gcc-toolset-11/root/usr/lib/gcc/x86_64-redhat-linux/11/../../../../lib64 -L/lib/../lib64 -L/usr/lib/../lib64 -L/opt/rh/gcc-toolset-11/root/usr/lib/gcc/x86_64-redhat-linux/11/../../.. CMakeFiles/cmTC_e03fb.dir/CMakeCCompilerABI.c.o -lgcc --push-state --as-needed -lgcc_s --pop-state -lc -lgcc --push-state --as-needed -lgcc_s --pop-state /opt/rh/gcc-toolset-11/root/usr/lib/gcc/x86_64-redhat-linux/11/crtend.o /lib/../lib64/crtn.o
COLLECT_GCC_OPTIONS='-v' '-o' 'cmTC_e03fb' '-mtune=generic' '-march=x86-64' '-dumpdir' 'cmTC_e03fb.'



Parsed C implicit include dir info from above output: rv=done
  found start of include info
  found start of implicit include info
    add: [/usr/local/cuda-11/include]
    add: [.]
    add: [/opt/rh/gcc-toolset-11/root/usr/lib/gcc/x86_64-redhat-linux/11/include]
    add: [/usr/local/include]
    add: [/opt/rh/gcc-toolset-11/root/usr/include]
    add: [/usr/include]
  end of search list found
  collapse include dir [/usr/local/cuda-11/include] ==> [/usr/local/cuda-11/include]
  skipping relative include dir [.]
  collapse include dir [/opt/rh/gcc-toolset-11/root/usr/lib/gcc/x86_64-redhat-linux/11/include] ==> [/opt/rh/gcc-toolset-11/root/usr/lib/gcc/x86_64-redhat-linux/11/include]
  collapse include dir [/usr/local/include] ==> [/usr/local/include]
  collapse include dir [/opt/rh/gcc-toolset-11/root/usr/include] ==> [/opt/rh/gcc-toolset-11/root/usr/include]
  collapse include dir [/usr/include] ==> [/usr/include]
  implicit include dirs: [/usr/local/cuda-11/include;/opt/rh/gcc-toolset-11/root/usr/lib/gcc/x86_64-redhat-linux/11/include;/usr/local/include;/opt/rh/gcc-toolset-11/root/usr/include;/usr/include]


Parsed C implicit link information from above output:
  link line regex: [^( *|.*[/\])(ld|CMAKE_LINK_STARTFILE-NOTFOUND|([^/\]+-)?ld|collect2)[^/\]*( |$)]
  ignore line: [Change Dir: /home/s5221926/CFA/programming-project-IsabelJoseph101/build/CMakeFiles/CMakeTmp]
  ignore line: []
  ignore line: [Run Build Command(s):/usr/bin/ninja-build cmTC_e03fb && [1/2] Building C object CMakeFiles/cmTC_e03fb.dir/CMakeCCompilerABI.c.o]
  ignore line: [Using built-in specs.]
  ignore line: [COLLECT_GCC=/opt/rh/gcc-toolset-11/root/usr/bin/gcc]
  ignore line: [OFFLOAD_TARGET_NAMES=nvptx-none]
  ignore line: [OFFLOAD_TARGET_DEFAULT=1]
  ignore line: [Target: x86_64-redhat-linux]
  ignore line: [Configured with: ../configure --enable-bootstrap --enable-languages=c c++ fortran lto --prefix=/opt/rh/gcc-toolset-11/root/usr --mandir=/opt/rh/gcc-toolset-11/root/usr/share/man --infodir=/opt/rh/gcc-toolset-11/root/usr/share/info --with-bugurl=http://bugzilla.redhat.com/bugzilla --enable-shared --enable-threads=posix --enable-checking=release --enable-multilib --with-system-zlib --enable-__cxa_atexit --disable-libunwind-exceptions --enable-gnu-unique-object --enable-linker-build-id --with-gcc-major-version-only --with-linker-hash-style=gnu --enable-plugin --enable-initfini-array --with-isl=/builddir/build/BUILD/gcc-11.2.1-20210728/obj-x86_64-redhat-linux/isl-install --enable-offload-targets=nvptx-none --without-cuda-driver --enable-gnu-indirect-function --enable-cet --with-tune=generic --with-arch_32=x86-64 --build=x86_64-redhat-linux]
  ignore line: [Thread model: posix]
  ignore line: [Supported LTO compression algorithms: zlib zstd]
  ignore line: [gcc version 11.2.1 20210728 (Red Hat 11.2.1-1) (GCC) ]
  ignore line: [COLLECT_GCC_OPTIONS='-v' '-o' 'CMakeFiles/cmTC_e03fb.dir/CMakeCCompilerABI.c.o' '-c' '-mtune=generic' '-march=x86-64' '-dumpdir' 'CMakeFiles/cmTC_e03fb.dir/']
  ignore line: [ /opt/rh/gcc-toolset-11/root/usr/libexec/gcc/x86_64-redhat-linux/11/cc1 -quiet -v /usr/share/cmake/Modules/CMakeCCompilerABI.c -quiet -dumpdir CMakeFiles/cmTC_e03fb.dir/ -dumpbase CMakeCCompilerABI.c.c -dumpbase-ext .c -mtune=generic -march=x86-64 -version -o /tmp/ccmcyFdl.s]
  ignore line: [GNU C17 (GCC) version 11.2.1 20210728 (Red Hat 11.2.1-1) (x86_64-redhat-linux)]
  ignore line: [	compiled by GNU C version 11.2.1 20210728 (Red Hat 11.2.1-1)  GMP version 6.1.2  MPFR version 3.1.6-p2  MPC version 1.1.0  isl version isl-0.18-GMP]
  ignore line: []
  ignore line: [GGC heuristics: --param ggc-min-expand=100 --param ggc-min-heapsize=131072]
  ignore line: [ignoring nonexistent directory "/opt/rh/gcc-toolset-11/root/usr/lib/gcc/x86_64-redhat-linux/11/include-fixed"]
  ignore line: [ignoring nonexistent directory "/opt/rh/gcc-toolset-11/root/usr/lib/gcc/x86_64-redhat-linux/11/../../../../x86_64-redhat-linux/include"]
  ignore line: [#include "..." search starts here:]
  ignore line: [#include <...> search starts here:]
  ignore line: [ /usr/local/cuda-11/include]
  ignore line: [ .]
  ignore line: [ /opt/rh/gcc-toolset-11/root/usr/lib/gcc/x86_64-redhat-linux/11/include]
  ignore line: [ /usr/local/include]
  ignore line: [ /opt/rh/gcc-toolset-11/root/usr/include]
  ignore line: [ /usr/include]
  ignore line: [End of search list.]
  ignore line: [GNU C17 (GCC) version 11.2.1 20210728 (Red Hat 11.2.1-1) (x86_64-redhat-linux)]
  ignore line: [	compiled by GNU C version 11.2.1 20210728 (Red Hat 11.2.1-1)  GMP version 6.1.2  MPFR version 3.1.6-p2  MPC version 1.1.0  isl version isl-0.18-GMP]
  ignore line: []
  ignore line: [GGC heuristics: --param ggc-min-expand=100 --param ggc-min-heapsize=131072]
  ignore line: [Compiler executable checksum: 889a96953babe86ec55ab82307b86608]
  ignore line: [COLLECT_GCC_OPTIONS='-v' '-o' 'CMakeFiles/cmTC_e03fb.dir/CMakeCCompilerABI.c.o' '-c' '-mtune=generic' '-march=x86-64' '-dumpdir' 'CMakeFiles/cmTC_e03fb.dir/']
  ignore line: [ as -v --64 -o CMakeFiles/cmTC_e03fb.dir/CMakeCCompilerABI.c.o /tmp/ccmcyFdl.s]
  ignore line: [GNU assembler version 2.36.1 (x86_64-redhat-linux) using BFD version version 2.36.1-1.el8]
  ignore line: [COMPILER_PATH=/opt/rh/gcc-toolset-11/root/usr/libexec/gcc/x86_64-redhat-linux/11/:/opt/rh/gcc-toolset-11/root/usr/libexec/gcc/x86_64-redhat-linux/11/:/opt/rh/gcc-toolset-11/root/usr/libexec/gcc/x86_64-redhat-linux/:/opt/rh/gcc-toolset-11/root/usr/lib/gcc/x86_64-redhat-linux/11/:/opt/rh/gcc-toolset-11/root/usr/lib/gcc/x86_64-redhat-linux/]
  ignore line: [LIBRARY_PATH=/opt/rh/gcc-toolset-11/root/usr/lib/gcc/x86_64-redhat-linux/11/:/opt/rh/gcc-toolset-11/root/usr/lib/gcc/x86_64-redhat-linux/11/../../../../lib64/:/lib/../lib64/:/usr/lib/../lib64/:/opt/rh/gcc-toolset-11/root/usr/lib/gcc/x86_64-redhat-linux/11/../../../:/lib/:/usr/lib/]
  ignore line: [COLLECT_GCC_OPTIONS='-v' '-o' 'CMakeFiles/cmTC_e03fb.dir/CMakeCCompilerABI.c.o' '-c' '-mtune=generic' '-march=x86-64' '-dumpdir' 'CMakeFiles/cmTC_e03fb.dir/CMakeCCompilerABI.c.']
  ignore line: [[2/2] Linking C executable cmTC_e03fb]
  ignore line: [Using built-in specs.]
  ignore line: [COLLECT_GCC=/opt/rh/gcc-toolset-11/root/usr/bin/gcc]
  ignore line: [COLLECT_LTO_WRAPPER=/opt/rh/gcc-toolset-11/root/usr/libexec/gcc/x86_64-redhat-linux/11/lto-wrapper]
  ignore line: [OFFLOAD_TARGET_NAMES=nvptx-none]
  ignore line: [OFFLOAD_TARGET_DEFAULT=1]
  ignore line: [Target: x86_64-redhat-linux]
  ignore line: [Configured with: ../configure --enable-bootstrap --enable-languages=c c++ fortran lto --prefix=/opt/rh/gcc-toolset-11/root/usr --mandir=/opt/rh/gcc-toolset-11/root/usr/share/man --infodir=/opt/rh/gcc-toolset-11/root/usr/share/info --with-bugurl=http://bugzilla.redhat.com/bugzilla --enable-shared --enable-threads=posix --enable-checking=release --enable-multilib --with-system-zlib --enable-__cxa_atexit --disable-libunwind-exceptions --enable-gnu-unique-object --enable-linker-build-id --with-gcc-major-version-only --with-linker-hash-style=gnu --enable-plugin --enable-initfini-array --with-isl=/builddir/build/BUILD/gcc-11.2.1-20210728/obj-x86_64-redhat-linux/isl-install --enable-offload-targets=nvptx-none --without-cuda-driver --enable-gnu-indirect-function --enable-cet --with-tune=generic --with-arch_32=x86-64 --build=x86_64-redhat-linux]
  ignore line: [Thread model: posix]
  ignore line: [Supported LTO compression algorithms: zlib zstd]
  ignore line: [gcc version 11.2.1 20210728 (Red Hat 11.2.1-1) (GCC) ]
  ignore line: [COMPILER_PATH=/opt/rh/gcc-toolset-11/root/usr/libexec/gcc/x86_64-redhat-linux/11/:/opt/rh/gcc-toolset-11/root/usr/libexec/gcc/x86_64-redhat-linux/11/:/opt/rh/gcc-toolset-11/root/usr/libexec/gcc/x86_64-redhat-linux/:/opt/rh/gcc-toolset-11/root/usr/lib/gcc/x86_64-redhat-linux/11/:/opt/rh/gcc-toolset-11/root/usr/lib/gcc/x86_64-redhat-linux/]
  ignore line: [LIBRARY_PATH=/opt/rh/gcc-toolset-11/root/usr/lib/gcc/x86_64-redhat-linux/11/:/opt/rh/gcc-toolset-11/root/usr/lib/gcc/x86_64-redhat-linux/11/../../../../lib64/:/lib/../lib64/:/usr/lib/../lib64/:/opt/rh/gcc-toolset-11/root/usr/lib/gcc/x86_64-redhat-linux/11/../../../:/lib/:/usr/lib/]
  ignore line: [COLLECT_GCC_OPTIONS='-v' '-o' 'cmTC_e03fb' '-mtune=generic' '-march=x86-64' '-dumpdir' 'cmTC_e03fb.']
  link line: [ /opt/rh/gcc-toolset-11/root/usr/libexec/gcc/x86_64-redhat-linux/11/collect2 -plugin /opt/rh/gcc-toolset-11/root/usr/libexec/gcc/x86_64-redhat-linux/11/liblto_plugin.so -plugin-opt=/opt/rh/gcc-toolset-11/root/usr/libexec/gcc/x86_64-redhat-linux/11/lto-wrapper -plugin-opt=-fresolution=/tmp/cclSm0HC.res -plugin-opt=-pass-through=-lgcc -plugin-opt=-pass-through=-lgcc_s -plugin-opt=-pass-through=-lc -plugin-opt=-pass-through=-lgcc -plugin-opt=-pass-through=-lgcc_s --build-id --no-add-needed --eh-frame-hdr --hash-style=gnu -m elf_x86_64 -dynamic-linker /lib64/ld-linux-x86-64.so.2 -o cmTC_e03fb /lib/../lib64/crt1.o /lib/../lib64/crti.o /opt/rh/gcc-toolset-11/root/usr/lib/gcc/x86_64-redhat-linux/11/crtbegin.o -L/opt/rh/gcc-toolset-11/root/usr/lib/gcc/x86_64-redhat-linux/11 -L/opt/rh/gcc-toolset-11/root/usr/lib/gcc/x86_64-redhat-linux/11/../../../../lib64 -L/lib/../lib64 -L/usr/lib/../lib64 -L/opt/rh/gcc-toolset-11/root/usr/lib/gcc/x86_64-redhat-linux/11/../../.. CMakeFiles/cmTC_e03fb.dir/CMakeCCompilerABI.c.o -lgcc --push-state --as-needed -lgcc_s --pop-state -lc -lgcc --push-state --as-needed -lgcc_s --pop-state /opt/rh/gcc-toolset-11/root/usr/lib/gcc/x86_64-redhat-linux/11/crtend.o /lib/../lib64/crtn.o]
    arg [/opt/rh/gcc-toolset-11/root/usr/libexec/gcc/x86_64-redhat-linux/11/collect2] ==> ignore
    arg [-plugin] ==> ignore
    arg [/opt/rh/gcc-toolset-11/root/usr/libexec/gcc/x86_64-redhat-linux/11/liblto_plugin.so] ==> ignore
    arg [-plugin-opt=/opt/rh/gcc-toolset-11/root/usr/libexec/gcc/x86_64-redhat-linux/11/lto-wrapper] ==> ignore
    arg [-plugin-opt=-fresolution=/tmp/cclSm0HC.res] ==> ignore
    arg [-plugin-opt=-pass-through=-lgcc] ==> ignore
    arg [-plugin-opt=-pass-through=-lgcc_s] ==> ignore
    arg [-plugin-opt=-pass-through=-lc] ==> ignore
    arg [-plugin-opt=-pass-through=-lgcc] ==> ignore
    arg [-plugin-opt=-pass-through=-lgcc_s] ==> ignore
    arg [--build-id] ==> ignore
    arg [--no-add-needed] ==> ignore
    arg [--eh-frame-hdr] ==> ignore
    arg [--hash-style=gnu] ==> ignore
    arg [-m] ==> ignore
    arg [elf_x86_64] ==> ignore
    arg [-dynamic-linker] ==> ignore
    arg [/lib64/ld-linux-x86-64.so.2] ==> ignore
    arg [-o] ==> ignore
    arg [cmTC_e03fb] ==> ignore
    arg [/lib/../lib64/crt1.o] ==> obj [/lib/../lib64/crt1.o]
    arg [/lib/../lib64/crti.o] ==> obj [/lib/../lib64/crti.o]
    arg [/opt/rh/gcc-toolset-11/root/usr/lib/gcc/x86_64-redhat-linux/11/crtbegin.o] ==> obj [/opt/rh/gcc-toolset-11/root/usr/lib/gcc/x86_64-redhat-linux/11/crtbegin.o]
    arg [-L/opt/rh/gcc-toolset-11/root/usr/lib/gcc/x86_64-redhat-linux/11] ==> dir [/opt/rh/gcc-toolset-11/root/usr/lib/gcc/x86_64-redhat-linux/11]
    arg [-L/opt/rh/gcc-toolset-11/root/usr/lib/gcc/x86_64-redhat-linux/11/../../../../lib64] ==> dir [/opt/rh/gcc-toolset-11/root/usr/lib/gcc/x86_64-redhat-linux/11/../../../../lib64]
    arg [-L/lib/../lib64] ==> dir [/lib/../lib64]
    arg [-L/usr/lib/../lib64] ==> dir [/usr/lib/../lib64]
    arg [-L/opt/rh/gcc-toolset-11/root/usr/lib/gcc/x86_64-redhat-linux/11/../../..] ==> dir [/opt/rh/gcc-toolset-11/root/usr/lib/gcc/x86_64-redhat-linux/11/../../..]
    arg [CMakeFiles/cmTC_e03fb.dir/CMakeCCompilerABI.c.o] ==> ignore
    arg [-lgcc] ==> lib [gcc]
    arg [--push-state] ==> ignore
    arg [--as-needed] ==> ignore
    arg [-lgcc_s] ==> lib [gcc_s]
    arg [--pop-state] ==> ignore
    arg [-lc] ==> lib [c]
    arg [-lgcc] ==> lib [gcc]
    arg [--push-state] ==> ignore
    arg [--as-needed] ==> ignore
    arg [-lgcc_s] ==> lib [gcc_s]
    arg [--pop-state] ==> ignore
    arg [/opt/rh/gcc-toolset-11/root/usr/lib/gcc/x86_64-redhat-linux/11/crtend.o] ==> obj [/opt/rh/gcc-toolset-11/root/usr/lib/gcc/x86_64-redhat-linux/11/crtend.o]
    arg [/lib/../lib64/crtn.o] ==> obj [/lib/../lib64/crtn.o]
  collapse obj [/lib/../lib64/crt1.o] ==> [/lib64/crt1.o]
  collapse obj [/lib/../lib64/crti.o] ==> [/lib64/crti.o]
  collapse obj [/lib/../lib64/crtn.o] ==> [/lib64/crtn.o]
  collapse library dir [/opt/rh/gcc-toolset-11/root/usr/lib/gcc/x86_64-redhat-linux/11] ==> [/opt/rh/gcc-toolset-11/root/usr/lib/gcc/x86_64-redhat-linux/11]
  collapse library dir [/opt/rh/gcc-toolset-11/root/usr/lib/gcc/x86_64-redhat-linux/11/../../../../lib64] ==> [/opt/rh/gcc-toolset-11/root/usr/lib64]
  collapse library dir [/lib/../lib64] ==> [/lib64]
  collapse library dir [/usr/lib/../lib64] ==> [/usr/lib64]
  collapse library dir [/opt/rh/gcc-toolset-11/root/usr/lib/gcc/x86_64-redhat-linux/11/../../..] ==> [/opt/rh/gcc-toolset-11/root/usr/lib]
  implicit libs: [gcc;gcc_s;c;gcc;gcc_s]
  implicit objs: [/lib64/crt1.o;/lib64/crti.o;/opt/rh/gcc-toolset-11/root/usr/lib/gcc/x86_64-redhat-linux/11/crtbegin.o;/opt/rh/gcc-toolset-11/root/usr/lib/gcc/x86_64-redhat-linux/11/crtend.o;/lib64/crtn.o]
  implicit dirs: [/opt/rh/gcc-toolset-11/root/usr/lib/gcc/x86_64-redhat-linux/11;/opt/rh/gcc-toolset-11/root/usr/lib64;/lib64;/usr/lib64;/opt/rh/gcc-toolset-11/root/usr/lib]
  implicit fwks: []


Detecting CXX compiler ABI info compiled with the following output:
Change Dir: /home/s5221926/CFA/programming-project-IsabelJoseph101/build/CMakeFiles/CMakeTmp

Run Build Command(s):/usr/bin/ninja-build cmTC_27e8c && [1/2] Building CXX object CMakeFiles/cmTC_27e8c.dir/CMakeCXXCompilerABI.cpp.o
Using built-in specs.
COLLECT_GCC=/opt/rh/gcc-toolset-11/root/usr/bin/g++
OFFLOAD_TARGET_NAMES=nvptx-none
OFFLOAD_TARGET_DEFAULT=1
Target: x86_64-redhat-linux
Configured with: ../configure --enable-bootstrap --enable-languages=c,c++,fortran,lto --prefix=/opt/rh/gcc-toolset-11/root/usr --mandir=/opt/rh/gcc-toolset-11/root/usr/share/man --infodir=/opt/rh/gcc-toolset-11/root/usr/share/info --with-bugurl=http://bugzilla.redhat.com/bugzilla --enable-shared --enable-threads=posix --enable-checking=release --enable-multilib --with-system-zlib --enable-__cxa_atexit --disable-libunwind-exceptions --enable-gnu-unique-object --enable-linker-build-id --with-gcc-major-version-only --with-linker-hash-style=gnu --enable-plugin --enable-initfini-array --with-isl=/builddir/build/BUILD/gcc-11.2.1-20210728/obj-x86_64-redhat-linux/isl-install --enable-offload-targets=nvptx-none --without-cuda-driver --enable-gnu-indirect-function --enable-cet --with-tune=generic --with-arch_32=x86-64 --build=x86_64-redhat-linux
Thread model: posix
Supported LTO compression algorithms: zlib zstd
gcc version 11.2.1 20210728 (Red Hat 11.2.1-1) (GCC) 
COLLECT_GCC_OPTIONS='-v' '-o' 'CMakeFiles/cmTC_27e8c.dir/CMakeCXXCompilerABI.cpp.o' '-c' '-shared-libgcc' '-mtune=generic' '-march=x86-64' '-dumpdir' 'CMakeFiles/cmTC_27e8c.dir/'
 /opt/rh/gcc-toolset-11/root/usr/libexec/gcc/x86_64-redhat-linux/11/cc1plus -quiet -v -D_GNU_SOURCE /usr/share/cmake/Modules/CMakeCXXCompilerABI.cpp -quiet -dumpdir CMakeFiles/cmTC_27e8c.dir/ -dumpbase CMakeCXXCompilerABI.cpp.cpp -dumpbase-ext .cpp -mtune=generic -march=x86-64 -version -o /tmp/cco2XRFp.s
GNU C++17 (GCC) version 11.2.1 20210728 (Red Hat 11.2.1-1) (x86_64-redhat-linux)
	compiled by GNU C version 11.2.1 20210728 (Red Hat 11.2.1-1), GMP version 6.1.2, MPFR version 3.1.6-p2, MPC version 1.1.0, isl version isl-0.18-GMP

GGC heuristics: --param ggc-min-expand=100 --param ggc-min-heapsize=131072
ignoring nonexistent directory "/opt/rh/gcc-toolset-11/root/usr/lib/gcc/x86_64-redhat-linux/11/include-fixed"
ignoring nonexistent directory "/opt/rh/gcc-toolset-11/root/usr/lib/gcc/x86_64-redhat-linux/11/../../../../x86_64-redhat-linux/include"
#include "..." search starts here:
#include <...> search starts here:
 /usr/local/cuda-11/include
 .
 /opt/rh/gcc-toolset-11/root/usr/lib/gcc/x86_64-redhat-linux/11/../../../../include/c++/11
 /opt/rh/gcc-toolset-11/root/usr/lib/gcc/x86_64-redhat-linux/11/../../../../include/c++/11/x86_64-redhat-linux
 /opt/rh/gcc-toolset-11/root/usr/lib/gcc/x86_64-redhat-linux/11/../../../../include/c++/11/backward
 /opt/rh/gcc-toolset-11/root/usr/lib/gcc/x86_64-redhat-linux/11/include
 /usr/local/include
 /opt/rh/gcc-toolset-11/root/usr/include
 /usr/include
End of search list.
GNU C++17 (GCC) version 11.2.1 20210728 (Red Hat 11.2.1-1) (x86_64-redhat-linux)
	compiled by GNU C version 11.2.1 20210728 (Red Hat 11.2.1-1), GMP version 6.1.2, MPFR version 3.1.6-p2, MPC version 1.1.0, isl version isl-0.18-GMP

GGC heuristics: --param ggc-min-expand=100 --param ggc-min-heapsize=131072
Compiler executable checksum: 7221690e1891ecb7abe053da39174f2c
COLLECT_GCC_OPTIONS='-v' '-o' 'CMakeFiles/cmTC_27e8c.dir/CMakeCXXCompilerABI.cpp.o' '-c' '-shared-libgcc' '-mtune=generic' '-march=x86-64' '-dumpdir' 'CMakeFiles/cmTC_27e8c.dir/'
 as -v --64 -o CMakeFiles/cmTC_27e8c.dir/CMakeCXXCompilerABI.cpp.o /tmp/cco2XRFp.s
GNU assembler version 2.36.1 (x86_64-redhat-linux) using BFD version version 2.36.1-1.el8
COMPILER_PATH=/opt/rh/gcc-toolset-11/root/usr/libexec/gcc/x86_64-redhat-linux/11/:/opt/rh/gcc-toolset-11/root/usr/libexec/gcc/x86_64-redhat-linux/11/:/opt/rh/gcc-toolset-11/root/usr/libexec/gcc/x86_64-redhat-linux/:/opt/rh/gcc-toolset-11/root/usr/lib/gcc/x86_64-redhat-linux/11/:/opt/rh/gcc-toolset-11/root/usr/lib/gcc/x86_64-redhat-linux/
LIBRARY_PATH=/opt/rh/gcc-toolset-11/root/usr/lib/gcc/x86_64-redhat-linux/11/:/opt/rh/gcc-toolset-11/root/usr/lib/gcc/x86_64-redhat-linux/11/../../../../lib64/:/lib/../lib64/:/usr/lib/../lib64/:/opt/rh/gcc-toolset-11/root/usr/lib/gcc/x86_64-redhat-linux/11/../../../:/lib/:/usr/lib/
COLLECT_GCC_OPTIONS='-v' '-o' 'CMakeFiles/cmTC_27e8c.dir/CMakeCXXCompilerABI.cpp.o' '-c' '-shared-libgcc' '-mtune=generic' '-march=x86-64' '-dumpdir' 'CMakeFiles/cmTC_27e8c.dir/CMakeCXXCompilerABI.cpp.'
[2/2] Linking CXX executable cmTC_27e8c
Using built-in specs.
COLLECT_GCC=/opt/rh/gcc-toolset-11/root/usr/bin/g++
COLLECT_LTO_WRAPPER=/opt/rh/gcc-toolset-11/root/usr/libexec/gcc/x86_64-redhat-linux/11/lto-wrapper
OFFLOAD_TARGET_NAMES=nvptx-none
OFFLOAD_TARGET_DEFAULT=1
Target: x86_64-redhat-linux
Configured with: ../configure --enable-bootstrap --enable-languages=c,c++,fortran,lto --prefix=/opt/rh/gcc-toolset-11/root/usr --mandir=/opt/rh/gcc-toolset-11/root/usr/share/man --infodir=/opt/rh/gcc-toolset-11/root/usr/share/info --with-bugurl=http://bugzilla.redhat.com/bugzilla --enable-shared --enable-threads=posix --enable-checking=release --enable-multilib --with-system-zlib --enable-__cxa_atexit --disable-libunwind-exceptions --enable-gnu-unique-object --enable-linker-build-id --with-gcc-major-version-only --with-linker-hash-style=gnu --enable-plugin --enable-initfini-array --with-isl=/builddir/build/BUILD/gcc-11.2.1-20210728/obj-x86_64-redhat-linux/isl-install --enable-offload-targets=nvptx-none --without-cuda-driver --enable-gnu-indirect-function --enable-cet --with-tune=generic --with-arch_32=x86-64 --build=x86_64-redhat-linux
Thread model: posix
Supported LTO compression algorithms: zlib zstd
gcc version 11.2.1 20210728 (Red Hat 11.2.1-1) (GCC) 
COMPILER_PATH=/opt/rh/gcc-toolset-11/root/usr/libexec/gcc/x86_64-redhat-linux/11/:/opt/rh/gcc-toolset-11/root/usr/libexec/gcc/x86_64-redhat-linux/11/:/opt/rh/gcc-toolset-11/root/usr/libexec/gcc/x86_64-redhat-linux/:/opt/rh/gcc-toolset-11/root/usr/lib/gcc/x86_64-redhat-linux/11/:/opt/rh/gcc-toolset-11/root/usr/lib/gcc/x86_64-redhat-linux/
LIBRARY_PATH=/opt/rh/gcc-toolset-11/root/usr/lib/gcc/x86_64-redhat-linux/11/:/opt/rh/gcc-toolset-11/root/usr/lib/gcc/x86_64-redhat-linux/11/../../../../lib64/:/lib/../lib64/:/usr/lib/../lib64/:/opt/rh/gcc-toolset-11/root/usr/lib/gcc/x86_64-redhat-linux/11/../../../:/lib/:/usr/lib/
COLLECT_GCC_OPTIONS='-v' '-o' 'cmTC_27e8c' '-shared-libgcc' '-mtune=generic' '-march=x86-64' '-dumpdir' 'cmTC_27e8c.'
 /opt/rh/gcc-toolset-11/root/usr/libexec/gcc/x86_64-redhat-linux/11/collect2 -plugin /opt/rh/gcc-toolset-11/root/usr/libexec/gcc/x86_64-redhat-linux/11/liblto_plugin.so -plugin-opt=/opt/rh/gcc-toolset-11/root/usr/libexec/gcc/x86_64-redhat-linux/11/lto-wrapper -plugin-opt=-fresolution=/tmp/ccijWr4G.res -plugin-opt=-pass-through=-lgcc_s -plugin-opt=-pass-through=-lgcc -plugin-opt=-pass-through=-lc -plugin-opt=-pass-through=-lgcc_s -plugin-opt=-pass-through=-lgcc --build-id --no-add-needed --eh-frame-hdr --hash-style=gnu -m elf_x86_64 -dynamic-linker /lib64/ld-linux-x86-64.so.2 -o cmTC_27e8c /lib/../lib64/crt1.o /lib/../lib64/crti.o /opt/rh/gcc-toolset-11/root/usr/lib/gcc/x86_64-redhat-linux/11/crtbegin.o -L/opt/rh/gcc-toolset-11/root/usr/lib/gcc/x86_64-redhat-linux/11 -L/opt/rh/gcc-toolset-11/root/usr/lib/gcc/x86_64-redhat-linux/11/../../../../lib64 -L/lib/../lib64 -L/usr/lib/../lib64 -L/opt/rh/gcc-toolset-11/root/usr/lib/gcc/x86_64-redhat-linux/11/../../.. CMakeFiles/cmTC_27e8c.dir/CMakeCXXCompilerABI.cpp.o -lstdc++ -lm -lgcc_s -lgcc -lc -lgcc_s -lgcc /opt/rh/gcc-toolset-11/root/usr/lib/gcc/x86_64-redhat-linux/11/crtend.o /lib/../lib64/crtn.o
COLLECT_GCC_OPTIONS='-v' '-o' 'cmTC_27e8c' '-shared-libgcc' '-mtune=generic' '-march=x86-64' '-dumpdir' 'cmTC_27e8c.'



Parsed CXX implicit include dir info from above output: rv=done
  found start of include info
  found start of implicit include info
    add: [/usr/local/cuda-11/include]
    add: [.]
    add: [/opt/rh/gcc-toolset-11/root/usr/lib/gcc/x86_64-redhat-linux/11/../../../../include/c++/11]
    add: [/opt/rh/gcc-toolset-11/root/usr/lib/gcc/x86_64-redhat-linux/11/../../../../include/c++/11/x86_64-redhat-linux]
    add: [/opt/rh/gcc-toolset-11/root/usr/lib/gcc/x86_64-redhat-linux/11/../../../../include/c++/11/backward]
    add: [/opt/rh/gcc-toolset-11/root/usr/lib/gcc/x86_64-redhat-linux/11/include]
    add: [/usr/local/include]
    add: [/opt/rh/gcc-toolset-11/root/usr/include]
    add: [/usr/include]
  end of search list found
  collapse include dir [/usr/local/cuda-11/include] ==> [/usr/local/cuda-11/include]
  skipping relative include dir [.]
  collapse include dir [/opt/rh/gcc-toolset-11/root/usr/lib/gcc/x86_64-redhat-linux/11/../../../../include/c++/11] ==> [/opt/rh/gcc-toolset-11/root/usr/include/c++/11]
  collapse include dir [/opt/rh/gcc-toolset-11/root/usr/lib/gcc/x86_64-redhat-linux/11/../../../../include/c++/11/x86_64-redhat-linux] ==> [/opt/rh/gcc-toolset-11/root/usr/include/c++/11/x86_64-redhat-linux]
  collapse include dir [/opt/rh/gcc-toolset-11/root/usr/lib/gcc/x86_64-redhat-linux/11/../../../../include/c++/11/backward] ==> [/opt/rh/gcc-toolset-11/root/usr/include/c++/11/backward]
  collapse include dir [/opt/rh/gcc-toolset-11/root/usr/lib/gcc/x86_64-redhat-linux/11/include] ==> [/opt/rh/gcc-toolset-11/root/usr/lib/gcc/x86_64-redhat-linux/11/include]
  collapse include dir [/usr/local/include] ==> [/usr/local/include]
  collapse include dir [/opt/rh/gcc-toolset-11/root/usr/include] ==> [/opt/rh/gcc-toolset-11/root/usr/include]
  collapse include dir [/usr/include] ==> [/usr/include]
  implicit include dirs: [/usr/local/cuda-11/include;/opt/rh/gcc-toolset-11/root/usr/include/c++/11;/opt/rh/gcc-toolset-11/root/usr/include/c++/11/x86_64-redhat-linux;/opt/rh/gcc-toolset-11/root/usr/include/c++/11/backward;/opt/rh/gcc-toolset-11/root/usr/lib/gcc/x86_64-redhat-linux/11/include;/usr/local/include;/opt/rh/gcc-toolset-11/root/usr/include;/usr/include]


Parsed CXX implicit link information from above output:
  link line regex: [^( *|.*[/\])(ld|CMAKE_LINK_STARTFILE-NOTFOUND|([^/\]+-)?ld|collect2)[^/\]*( |$)]
  ignore line: [Change Dir: /home/s5221926/CFA/programming-project-IsabelJoseph101/build/CMakeFiles/CMakeTmp]
  ignore line: []
  ignore line: [Run Build Command(s):/usr/bin/ninja-build cmTC_27e8c && [1/2] Building CXX object CMakeFiles/cmTC_27e8c.dir/CMakeCXXCompilerABI.cpp.o]
  ignore line: [Using built-in specs.]
  ignore line: [COLLECT_GCC=/opt/rh/gcc-toolset-11/root/usr/bin/g++]
  ignore line: [OFFLOAD_TARGET_NAMES=nvptx-none]
  ignore line: [OFFLOAD_TARGET_DEFAULT=1]
  ignore line: [Target: x86_64-redhat-linux]
  ignore line: [Configured with: ../configure --enable-bootstrap --enable-languages=c c++ fortran lto --prefix=/opt/rh/gcc-toolset-11/root/usr --mandir=/opt/rh/gcc-toolset-11/root/usr/share/man --infodir=/opt/rh/gcc-toolset-11/root/usr/share/info --with-bugurl=http://bugzilla.redhat.com/bugzilla --enable-shared --enable-threads=posix --enable-checking=release --enable-multilib --with-system-zlib --enable-__cxa_atexit --disable-libunwind-exceptions --enable-gnu-unique-object --enable-linker-build-id --with-gcc-major-version-only --with-linker-hash-style=gnu --enable-plugin --enable-initfini-array --with-isl=/builddir/build/BUILD/gcc-11.2.1-20210728/obj-x86_64-redhat-linux/isl-install --enable-offload-targets=nvptx-none --without-cuda-driver --enable-gnu-indirect-function --enable-cet --with-tune=generic --with-arch_32=x86-64 --build=x86_64-redhat-linux]
  ignore line: [Thread model: posix]
  ignore line: [Supported LTO compression algorithms: zlib zstd]
  ignore line: [gcc version 11.2.1 20210728 (Red Hat 11.2.1-1) (GCC) ]
  ignore line: [COLLECT_GCC_OPTIONS='-v' '-o' 'CMakeFiles/cmTC_27e8c.dir/CMakeCXXCompilerABI.cpp.o' '-c' '-shared-libgcc' '-mtune=generic' '-march=x86-64' '-dumpdir' 'CMakeFiles/cmTC_27e8c.dir/']
  ignore line: [ /opt/rh/gcc-toolset-11/root/usr/libexec/gcc/x86_64-redhat-linux/11/cc1plus -quiet -v -D_GNU_SOURCE /usr/share/cmake/Modules/CMakeCXXCompilerABI.cpp -quiet -dumpdir CMakeFiles/cmTC_27e8c.dir/ -dumpbase CMakeCXXCompilerABI.cpp.cpp -dumpbase-ext .cpp -mtune=generic -march=x86-64 -version -o /tmp/cco2XRFp.s]
  ignore line: [GNU C++17 (GCC) version 11.2.1 20210728 (Red Hat 11.2.1-1) (x86_64-redhat-linux)]
  ignore line: [	compiled by GNU C version 11.2.1 20210728 (Red Hat 11.2.1-1)  GMP version 6.1.2  MPFR version 3.1.6-p2  MPC version 1.1.0  isl version isl-0.18-GMP]
  ignore line: []
  ignore line: [GGC heuristics: --param ggc-min-expand=100 --param ggc-min-heapsize=131072]
  ignore line: [ignoring nonexistent directory "/opt/rh/gcc-toolset-11/root/usr/lib/gcc/x86_64-redhat-linux/11/include-fixed"]
  ignore line: [ignoring nonexistent directory "/opt/rh/gcc-toolset-11/root/usr/lib/gcc/x86_64-redhat-linux/11/../../../../x86_64-redhat-linux/include"]
  ignore line: [#include "..." search starts here:]
  ignore line: [#include <...> search starts here:]
  ignore line: [ /usr/local/cuda-11/include]
  ignore line: [ .]
  ignore line: [ /opt/rh/gcc-toolset-11/root/usr/lib/gcc/x86_64-redhat-linux/11/../../../../include/c++/11]
  ignore line: [ /opt/rh/gcc-toolset-11/root/usr/lib/gcc/x86_64-redhat-linux/11/../../../../include/c++/11/x86_64-redhat-linux]
  ignore line: [ /opt/rh/gcc-toolset-11/root/usr/lib/gcc/x86_64-redhat-linux/11/../../../../include/c++/11/backward]
  ignore line: [ /opt/rh/gcc-toolset-11/root/usr/lib/gcc/x86_64-redhat-linux/11/include]
  ignore line: [ /usr/local/include]
  ignore line: [ /opt/rh/gcc-toolset-11/root/usr/include]
  ignore line: [ /usr/include]
  ignore line: [End of search list.]
  ignore line: [GNU C++17 (GCC) version 11.2.1 20210728 (Red Hat 11.2.1-1) (x86_64-redhat-linux)]
  ignore line: [	compiled by GNU C version 11.2.1 20210728 (Red Hat 11.2.1-1)  GMP version 6.1.2  MPFR version 3.1.6-p2  MPC version 1.1.0  isl version isl-0.18-GMP]
  ignore line: []
  ignore line: [GGC heuristics: --param ggc-min-expand=100 --param ggc-min-heapsize=131072]
  ignore line: [Compiler executable checksum: 7221690e1891ecb7abe053da39174f2c]
  ignore line: [COLLECT_GCC_OPTIONS='-v' '-o' 'CMakeFiles/cmTC_27e8c.dir/CMakeCXXCompilerABI.cpp.o' '-c' '-shared-libgcc' '-mtune=generic' '-march=x86-64' '-dumpdir' 'CMakeFiles/cmTC_27e8c.dir/']
  ignore line: [ as -v --64 -o CMakeFiles/cmTC_27e8c.dir/CMakeCXXCompilerABI.cpp.o /tmp/cco2XRFp.s]
  ignore line: [GNU assembler version 2.36.1 (x86_64-redhat-linux) using BFD version version 2.36.1-1.el8]
  ignore line: [COMPILER_PATH=/opt/rh/gcc-toolset-11/root/usr/libexec/gcc/x86_64-redhat-linux/11/:/opt/rh/gcc-toolset-11/root/usr/libexec/gcc/x86_64-redhat-linux/11/:/opt/rh/gcc-toolset-11/root/usr/libexec/gcc/x86_64-redhat-linux/:/opt/rh/gcc-toolset-11/root/usr/lib/gcc/x86_64-redhat-linux/11/:/opt/rh/gcc-toolset-11/root/usr/lib/gcc/x86_64-redhat-linux/]
  ignore line: [LIBRARY_PATH=/opt/rh/gcc-toolset-11/root/usr/lib/gcc/x86_64-redhat-linux/11/:/opt/rh/gcc-toolset-11/root/usr/lib/gcc/x86_64-redhat-linux/11/../../../../lib64/:/lib/../lib64/:/usr/lib/../lib64/:/opt/rh/gcc-toolset-11/root/usr/lib/gcc/x86_64-redhat-linux/11/../../../:/lib/:/usr/lib/]
  ignore line: [COLLECT_GCC_OPTIONS='-v' '-o' 'CMakeFiles/cmTC_27e8c.dir/CMakeCXXCompilerABI.cpp.o' '-c' '-shared-libgcc' '-mtune=generic' '-march=x86-64' '-dumpdir' 'CMakeFiles/cmTC_27e8c.dir/CMakeCXXCompilerABI.cpp.']
  ignore line: [[2/2] Linking CXX executable cmTC_27e8c]
  ignore line: [Using built-in specs.]
  ignore line: [COLLECT_GCC=/opt/rh/gcc-toolset-11/root/usr/bin/g++]
  ignore line: [COLLECT_LTO_WRAPPER=/opt/rh/gcc-toolset-11/root/usr/libexec/gcc/x86_64-redhat-linux/11/lto-wrapper]
  ignore line: [OFFLOAD_TARGET_NAMES=nvptx-none]
  ignore line: [OFFLOAD_TARGET_DEFAULT=1]
  ignore line: [Target: x86_64-redhat-linux]
  ignore line: [Configured with: ../configure --enable-bootstrap --enable-languages=c c++ fortran lto --prefix=/opt/rh/gcc-toolset-11/root/usr --mandir=/opt/rh/gcc-toolset-11/root/usr/share/man --infodir=/opt/rh/gcc-toolset-11/root/usr/share/info --with-bugurl=http://bugzilla.redhat.com/bugzilla --enable-shared --enable-threads=posix --enable-checking=release --enable-multilib --with-system-zlib --enable-__cxa_atexit --disable-libunwind-exceptions --enable-gnu-unique-object --enable-linker-build-id --with-gcc-major-version-only --with-linker-hash-style=gnu --enable-plugin --enable-initfini-array --with-isl=/builddir/build/BUILD/gcc-11.2.1-20210728/obj-x86_64-redhat-linux/isl-install --enable-offload-targets=nvptx-none --without-cuda-driver --enable-gnu-indirect-function --enable-cet --with-tune=generic --with-arch_32=x86-64 --build=x86_64-redhat-linux]
  ignore line: [Thread model: posix]
  ignore line: [Supported LTO compression algorithms: zlib zstd]
  ignore line: [gcc version 11.2.1 20210728 (Red Hat 11.2.1-1) (GCC) ]
  ignore line: [COMPILER_PATH=/opt/rh/gcc-toolset-11/root/usr/libexec/gcc/x86_64-redhat-linux/11/:/opt/rh/gcc-toolset-11/root/usr/libexec/gcc/x86_64-redhat-linux/11/:/opt/rh/gcc-toolset-11/root/usr/libexec/gcc/x86_64-redhat-linux/:/opt/rh/gcc-toolset-11/root/usr/lib/gcc/x86_64-redhat-linux/11/:/opt/rh/gcc-toolset-11/root/usr/lib/gcc/x86_64-redhat-linux/]
  ignore line: [LIBRARY_PATH=/opt/rh/gcc-toolset-11/root/usr/lib/gcc/x86_64-redhat-linux/11/:/opt/rh/gcc-toolset-11/root/usr/lib/gcc/x86_64-redhat-linux/11/../../../../lib64/:/lib/../lib64/:/usr/lib/../lib64/:/opt/rh/gcc-toolset-11/root/usr/lib/gcc/x86_64-redhat-linux/11/../../../:/lib/:/usr/lib/]
  ignore line: [COLLECT_GCC_OPTIONS='-v' '-o' 'cmTC_27e8c' '-shared-libgcc' '-mtune=generic' '-march=x86-64' '-dumpdir' 'cmTC_27e8c.']
  link line: [ /opt/rh/gcc-toolset-11/root/usr/libexec/gcc/x86_64-redhat-linux/11/collect2 -plugin /opt/rh/gcc-toolset-11/root/usr/libexec/gcc/x86_64-redhat-linux/11/liblto_plugin.so -plugin-opt=/opt/rh/gcc-toolset-11/root/usr/libexec/gcc/x86_64-redhat-linux/11/lto-wrapper -plugin-opt=-fresolution=/tmp/ccijWr4G.res -plugin-opt=-pass-through=-lgcc_s -plugin-opt=-pass-through=-lgcc -plugin-opt=-pass-through=-lc -plugin-opt=-pass-through=-lgcc_s -plugin-opt=-pass-through=-lgcc --build-id --no-add-needed --eh-frame-hdr --hash-style=gnu -m elf_x86_64 -dynamic-linker /lib64/ld-linux-x86-64.so.2 -o cmTC_27e8c /lib/../lib64/crt1.o /lib/../lib64/crti.o /opt/rh/gcc-toolset-11/root/usr/lib/gcc/x86_64-redhat-linux/11/crtbegin.o -L/opt/rh/gcc-toolset-11/root/usr/lib/gcc/x86_64-redhat-linux/11 -L/opt/rh/gcc-toolset-11/root/usr/lib/gcc/x86_64-redhat-linux/11/../../../../lib64 -L/lib/../lib64 -L/usr/lib/../lib64 -L/opt/rh/gcc-toolset-11/root/usr/lib/gcc/x86_64-redhat-linux/11/../../.. CMakeFiles/cmTC_27e8c.dir/CMakeCXXCompilerABI.cpp.o -lstdc++ -lm -lgcc_s -lgcc -lc -lgcc_s -lgcc /opt/rh/gcc-toolset-11/root/usr/lib/gcc/x86_64-redhat-linux/11/crtend.o /lib/../lib64/crtn.o]
    arg [/opt/rh/gcc-toolset-11/root/usr/libexec/gcc/x86_64-redhat-linux/11/collect2] ==> ignore
    arg [-plugin] ==> ignore
    arg [/opt/rh/gcc-toolset-11/root/usr/libexec/gcc/x86_64-redhat-linux/11/liblto_plugin.so] ==> ignore
    arg [-plugin-opt=/opt/rh/gcc-toolset-11/root/usr/libexec/gcc/x86_64-redhat-linux/11/lto-wrapper] ==> ignore
    arg [-plugin-opt=-fresolution=/tmp/ccijWr4G.res] ==> ignore
    arg [-plugin-opt=-pass-through=-lgcc_s] ==> ignore
    arg [-plugin-opt=-pass-through=-lgcc] ==> ignore
    arg [-plugin-opt=-pass-through=-lc] ==> ignore
    arg [-plugin-opt=-pass-through=-lgcc_s] ==> ignore
    arg [-plugin-opt=-pass-through=-lgcc] ==> ignore
    arg [--build-id] ==> ignore
    arg [--no-add-needed] ==> ignore
    arg [--eh-frame-hdr] ==> ignore
    arg [--hash-style=gnu] ==> ignore
    arg [-m] ==> ignore
    arg [elf_x86_64] ==> ignore
    arg [-dynamic-linker] ==> ignore
    arg [/lib64/ld-linux-x86-64.so.2] ==> ignore
    arg [-o] ==> ignore
    arg [cmTC_27e8c] ==> ignore
    arg [/lib/../lib64/crt1.o] ==> obj [/lib/../lib64/crt1.o]
    arg [/lib/../lib64/crti.o] ==> obj [/lib/../lib64/crti.o]
    arg [/opt/rh/gcc-toolset-11/root/usr/lib/gcc/x86_64-redhat-linux/11/crtbegin.o] ==> obj [/opt/rh/gcc-toolset-11/root/usr/lib/gcc/x86_64-redhat-linux/11/crtbegin.o]
    arg [-L/opt/rh/gcc-toolset-11/root/usr/lib/gcc/x86_64-redhat-linux/11] ==> dir [/opt/rh/gcc-toolset-11/root/usr/lib/gcc/x86_64-redhat-linux/11]
    arg [-L/opt/rh/gcc-toolset-11/root/usr/lib/gcc/x86_64-redhat-linux/11/../../../../lib64] ==> dir [/opt/rh/gcc-toolset-11/root/usr/lib/gcc/x86_64-redhat-linux/11/../../../../lib64]
    arg [-L/lib/../lib64] ==> dir [/lib/../lib64]
    arg [-L/usr/lib/../lib64] ==> dir [/usr/lib/../lib64]
    arg [-L/opt/rh/gcc-toolset-11/root/usr/lib/gcc/x86_64-redhat-linux/11/../../..] ==> dir [/opt/rh/gcc-toolset-11/root/usr/lib/gcc/x86_64-redhat-linux/11/../../..]
    arg [CMakeFiles/cmTC_27e8c.dir/CMakeCXXCompilerABI.cpp.o] ==> ignore
    arg [-lstdc++] ==> lib [stdc++]
    arg [-lm] ==> lib [m]
    arg [-lgcc_s] ==> lib [gcc_s]
    arg [-lgcc] ==> lib [gcc]
    arg [-lc] ==> lib [c]
    arg [-lgcc_s] ==> lib [gcc_s]
    arg [-lgcc] ==> lib [gcc]
    arg [/opt/rh/gcc-toolset-11/root/usr/lib/gcc/x86_64-redhat-linux/11/crtend.o] ==> obj [/opt/rh/gcc-toolset-11/root/usr/lib/gcc/x86_64-redhat-linux/11/crtend.o]
    arg [/lib/../lib64/crtn.o] ==> obj [/lib/../lib64/crtn.o]
  collapse obj [/lib/../lib64/crt1.o] ==> [/lib64/crt1.o]
  collapse obj [/lib/../lib64/crti.o] ==> [/lib64/crti.o]
  collapse obj [/lib/../lib64/crtn.o] ==> [/lib64/crtn.o]
  collapse library dir [/opt/rh/gcc-toolset-11/root/usr/lib/gcc/x86_64-redhat-linux/11] ==> [/opt/rh/gcc-toolset-11/root/usr/lib/gcc/x86_64-redhat-linux/11]
  collapse library dir [/opt/rh/gcc-toolset-11/root/usr/lib/gcc/x86_64-redhat-linux/11/../../../../lib64] ==> [/opt/rh/gcc-toolset-11/root/usr/lib64]
  collapse library dir [/lib/../lib64] ==> [/lib64]
  collapse library dir [/usr/lib/../lib64] ==> [/usr/lib64]
  collapse library dir [/opt/rh/gcc-toolset-11/root/usr/lib/gcc/x86_64-redhat-linux/11/../../..] ==> [/opt/rh/gcc-toolset-11/root/usr/lib]
  implicit libs: [stdc++;m;gcc_s;gcc;c;gcc_s;gcc]
  implicit objs: [/lib64/crt1.o;/lib64/crti.o;/opt/rh/gcc-toolset-11/root/usr/lib/gcc/x86_64-redhat-linux/11/crtbegin.o;/opt/rh/gcc-toolset-11/root/usr/lib/gcc/x86_64-redhat-linux/11/crtend.o;/lib64/crtn.o]
  implicit dirs: [/opt/rh/gcc-toolset-11/root/usr/lib/gcc/x86_64-redhat-linux/11;/opt/rh/gcc-toolset-11/root/usr/lib64;/lib64;/usr/lib64;/opt/rh/gcc-toolset-11/root/usr/lib]
  implicit fwks: []


Determining if the include file pthread.h exists passed with the following output:
Change Dir: /home/s5221926/CFA/programming-project-IsabelJoseph101/build/CMakeFiles/CMakeTmp

Run Build Command(s):/usr/bin/ninja-build cmTC_25c6a && [1/2] Building C object CMakeFiles/cmTC_25c6a.dir/CheckIncludeFile.c.o
[2/2] Linking C executable cmTC_25c6a



Detecting C OpenMP compiler ABI info compiled with the following output:
Change Dir: /home/s5221926/CFA/programming-project-IsabelJoseph101/build/CMakeFiles/CMakeTmp

Run Build Command(s):/usr/bin/ninja-build cmTC_d7de9 && [1/2] Building C object CMakeFiles/cmTC_d7de9.dir/OpenMPTryFlag.c.o
Using built-in specs.
COLLECT_GCC=/opt/rh/gcc-toolset-11/root/usr/bin/gcc
OFFLOAD_TARGET_NAMES=nvptx-none
OFFLOAD_TARGET_DEFAULT=1
Target: x86_64-redhat-linux
Configured with: ../configure --enable-bootstrap --enable-languages=c,c++,fortran,lto --prefix=/opt/rh/gcc-toolset-11/root/usr --mandir=/opt/rh/gcc-toolset-11/root/usr/share/man --infodir=/opt/rh/gcc-toolset-11/root/usr/share/info --with-bugurl=http://bugzilla.redhat.com/bugzilla --enable-shared --enable-threads=posix --enable-checking=release --enable-multilib --with-system-zlib --enable-__cxa_atexit --disable-libunwind-exceptions --enable-gnu-unique-object --enable-linker-build-id --with-gcc-major-version-only --with-linker-hash-style=gnu --enable-plugin --enable-initfini-array --with-isl=/builddir/build/BUILD/gcc-11.2.1-20210728/obj-x86_64-redhat-linux/isl-install --enable-offload-targets=nvptx-none --without-cuda-driver --enable-gnu-indirect-function --enable-cet --with-tune=generic --with-arch_32=x86-64 --build=x86_64-redhat-linux
Thread model: posix
Supported LTO compression algorithms: zlib zstd
gcc version 11.2.1 20210728 (Red Hat 11.2.1-1) (GCC) 
COLLECT_GCC_OPTIONS='-fopenmp' '-v' '-o' 'CMakeFiles/cmTC_d7de9.dir/OpenMPTryFlag.c.o' '-c' '-mtune=generic' '-march=x86-64' '-pthread' '-dumpdir' 'CMakeFiles/cmTC_d7de9.dir/'
 /opt/rh/gcc-toolset-11/root/usr/libexec/gcc/x86_64-redhat-linux/11/cc1 -quiet -v -D_REENTRANT /home/s5221926/CFA/programming-project-IsabelJoseph101/build/CMakeFiles/FindOpenMP/OpenMPTryFlag.c -quiet -dumpdir CMakeFiles/cmTC_d7de9.dir/ -dumpbase OpenMPTryFlag.c.c -dumpbase-ext .c -mtune=generic -march=x86-64 -version -fopenmp -o /tmp/ccCDwlrf.s
GNU C17 (GCC) version 11.2.1 20210728 (Red Hat 11.2.1-1) (x86_64-redhat-linux)
	compiled by GNU C version 11.2.1 20210728 (Red Hat 11.2.1-1), GMP version 6.1.2, MPFR version 3.1.6-p2, MPC version 1.1.0, isl version isl-0.18-GMP

GGC heuristics: --param ggc-min-expand=100 --param ggc-min-heapsize=131072
ignoring nonexistent directory "/opt/rh/gcc-toolset-11/root/usr/lib/gcc/x86_64-redhat-linux/11/include-fixed"
ignoring nonexistent directory "/opt/rh/gcc-toolset-11/root/usr/lib/gcc/x86_64-redhat-linux/11/../../../../x86_64-redhat-linux/include"
#include "..." search starts here:
#include <...> search starts here:
 /usr/local/cuda-11/include
 .
 /opt/rh/gcc-toolset-11/root/usr/lib/gcc/x86_64-redhat-linux/11/include
 /usr/local/include
 /opt/rh/gcc-toolset-11/root/usr/include
 /usr/include
End of search list.
GNU C17 (GCC) version 11.2.1 20210728 (Red Hat 11.2.1-1) (x86_64-redhat-linux)
	compiled by GNU C version 11.2.1 20210728 (Red Hat 11.2.1-1), GMP version 6.1.2, MPFR version 3.1.6-p2, MPC version 1.1.0, isl version isl-0.18-GMP

GGC heuristics: --param ggc-min-expand=100 --param ggc-min-heapsize=131072
Compiler executable checksum: 889a96953babe86ec55ab82307b86608
COLLECT_GCC_OPTIONS='-fopenmp' '-v' '-o' 'CMakeFiles/cmTC_d7de9.dir/OpenMPTryFlag.c.o' '-c' '-mtune=generic' '-march=x86-64' '-pthread' '-dumpdir' 'CMakeFiles/cmTC_d7de9.dir/'
 as -v --64 -o CMakeFiles/cmTC_d7de9.dir/OpenMPTryFlag.c.o /tmp/ccCDwlrf.s
GNU assembler version 2.36.1 (x86_64-redhat-linux) using BFD version version 2.36.1-1.el8
COMPILER_PATH=/opt/rh/gcc-toolset-11/root/usr/libexec/gcc/x86_64-redhat-linux/11/:/opt/rh/gcc-toolset-11/root/usr/libexec/gcc/x86_64-redhat-linux/11/:/opt/rh/gcc-toolset-11/root/usr/libexec/gcc/x86_64-redhat-linux/:/opt/rh/gcc-toolset-11/root/usr/lib/gcc/x86_64-redhat-linux/11/:/opt/rh/gcc-toolset-11/root/usr/lib/gcc/x86_64-redhat-linux/
LIBRARY_PATH=/opt/rh/gcc-toolset-11/root/usr/lib/gcc/x86_64-redhat-linux/11/:/opt/rh/gcc-toolset-11/root/usr/lib/gcc/x86_64-redhat-linux/11/../../../../lib64/:/lib/../lib64/:/usr/lib/../lib64/:/opt/rh/gcc-toolset-11/root/usr/lib/gcc/x86_64-redhat-linux/11/../../../:/lib/:/usr/lib/
COLLECT_GCC_OPTIONS='-fopenmp' '-v' '-o' 'CMakeFiles/cmTC_d7de9.dir/OpenMPTryFlag.c.o' '-c' '-mtune=generic' '-march=x86-64' '-pthread' '-dumpdir' 'CMakeFiles/cmTC_d7de9.dir/OpenMPTryFlag.c.'
[2/2] Linking C executable cmTC_d7de9
Using built-in specs.
COLLECT_GCC=/opt/rh/gcc-toolset-11/root/usr/bin/gcc
COLLECT_LTO_WRAPPER=/opt/rh/gcc-toolset-11/root/usr/libexec/gcc/x86_64-redhat-linux/11/lto-wrapper
OFFLOAD_TARGET_NAMES=nvptx-none
OFFLOAD_TARGET_DEFAULT=1
Target: x86_64-redhat-linux
Configured with: ../configure --enable-bootstrap --enable-languages=c,c++,fortran,lto --prefix=/opt/rh/gcc-toolset-11/root/usr --mandir=/opt/rh/gcc-toolset-11/root/usr/share/man --infodir=/opt/rh/gcc-toolset-11/root/usr/share/info --with-bugurl=http://bugzilla.redhat.com/bugzilla --enable-shared --enable-threads=posix --enable-checking=release --enable-multilib --with-system-zlib --enable-__cxa_atexit --disable-libunwind-exceptions --enable-gnu-unique-object --enable-linker-build-id --with-gcc-major-version-only --with-linker-hash-style=gnu --enable-plugin --enable-initfini-array --with-isl=/builddir/build/BUILD/gcc-11.2.1-20210728/obj-x86_64-redhat-linux/isl-install --enable-offload-targets=nvptx-none --without-cuda-driver --enable-gnu-indirect-function --enable-cet --with-tune=generic --with-arch_32=x86-64 --build=x86_64-redhat-linux
Thread model: posix
Supported LTO compression algorithms: zlib zstd
gcc version 11.2.1 20210728 (Red Hat 11.2.1-1) (GCC) 
COMPILER_PATH=/opt/rh/gcc-toolset-11/root/usr/libexec/gcc/x86_64-redhat-linux/11/:/opt/rh/gcc-toolset-11/root/usr/libexec/gcc/x86_64-redhat-linux/11/:/opt/rh/gcc-toolset-11/root/usr/libexec/gcc/x86_64-redhat-linux/:/opt/rh/gcc-toolset-11/root/usr/lib/gcc/x86_64-redhat-linux/11/:/opt/rh/gcc-toolset-11/root/usr/lib/gcc/x86_64-redhat-linux/
LIBRARY_PATH=/opt/rh/gcc-toolset-11/root/usr/lib/gcc/x86_64-redhat-linux/11/:/opt/rh/gcc-toolset-11/root/usr/lib/gcc/x86_64-redhat-linux/11/../../../../lib64/:/lib/../lib64/:/usr/lib/../lib64/:/opt/rh/gcc-toolset-11/root/usr/lib/gcc/x86_64-redhat-linux/11/../../../:/lib/:/usr/lib/
Reading specs from /opt/rh/gcc-toolset-11/root/usr/lib/gcc/x86_64-redhat-linux/11/libgomp.spec
COLLECT_GCC_OPTIONS='-fopenmp' '-v' '-o' 'cmTC_d7de9' '-v' '-mtune=generic' '-march=x86-64' '-pthread' '-dumpdir' 'cmTC_d7de9.'
 /opt/rh/gcc-toolset-11/root/usr/libexec/gcc/x86_64-redhat-linux/11/collect2 -plugin /opt/rh/gcc-toolset-11/root/usr/libexec/gcc/x86_64-redhat-linux/11/liblto_plugin.so -plugin-opt=/opt/rh/gcc-toolset-11/root/usr/libexec/gcc/x86_64-redhat-linux/11/lto-wrapper -plugin-opt=-fresolution=/tmp/ccFwR6oy.res -plugin-opt=-pass-through=-lgcc -plugin-opt=-pass-through=-lgcc_s -plugin-opt=-pass-through=-lpthread -plugin-opt=-pass-through=-lc -plugin-opt=-pass-through=-lgcc -plugin-opt=-pass-through=-lgcc_s --build-id --no-add-needed --eh-frame-hdr --hash-style=gnu -m elf_x86_64 -dynamic-linker /lib64/ld-linux-x86-64.so.2 -o cmTC_d7de9 /lib/../lib64/crt1.o /lib/../lib64/crti.o /opt/rh/gcc-toolset-11/root/usr/lib/gcc/x86_64-redhat-linux/11/crtbegin.o /opt/rh/gcc-toolset-11/root/usr/lib/gcc/x86_64-redhat-linux/11/crtoffloadbegin.o -L/opt/rh/gcc-toolset-11/root/usr/lib/gcc/x86_64-redhat-linux/11 -L/opt/rh/gcc-toolset-11/root/usr/lib/gcc/x86_64-redhat-linux/11/../../../../lib64 -L/lib/../lib64 -L/usr/lib/../lib64 -L/opt/rh/gcc-toolset-11/root/usr/lib/gcc/x86_64-redhat-linux/11/../../.. CMakeFiles/cmTC_d7de9.dir/OpenMPTryFlag.c.o -lgomp -lgcc --push-state --as-needed -lgcc_s --pop-state -lpthread -lc -lgcc --push-state --as-needed -lgcc_s --pop-state /opt/rh/gcc-toolset-11/root/usr/lib/gcc/x86_64-redhat-linux/11/crtend.o /lib/../lib64/crtn.o /opt/rh/gcc-toolset-11/root/usr/lib/gcc/x86_64-redhat-linux/11/crtoffloadend.o
COLLECT_GCC_OPTIONS='-fopenmp' '-v' '-o' 'cmTC_d7de9' '-v' '-mtune=generic' '-march=x86-64' '-pthread' '-dumpdir' 'cmTC_d7de9.'



Parsed C OpenMP implicit link information from above output:
  link line regex: [^( *|.*[/\])(ld|CMAKE_LINK_STARTFILE-NOTFOUND|([^/\]+-)?ld|collect2)[^/\]*( |$)]
  ignore line: [Change Dir: /home/s5221926/CFA/programming-project-IsabelJoseph101/build/CMakeFiles/CMakeTmp]
  ignore line: []
  ignore line: [Run Build Command(s):/usr/bin/ninja-build cmTC_d7de9 && [1/2] Building C object CMakeFiles/cmTC_d7de9.dir/OpenMPTryFlag.c.o]
  ignore line: [Using built-in specs.]
  ignore line: [COLLECT_GCC=/opt/rh/gcc-toolset-11/root/usr/bin/gcc]
  ignore line: [OFFLOAD_TARGET_NAMES=nvptx-none]
  ignore line: [OFFLOAD_TARGET_DEFAULT=1]
  ignore line: [Target: x86_64-redhat-linux]
  ignore line: [Configured with: ../configure --enable-bootstrap --enable-languages=c c++ fortran lto --prefix=/opt/rh/gcc-toolset-11/root/usr --mandir=/opt/rh/gcc-toolset-11/root/usr/share/man --infodir=/opt/rh/gcc-toolset-11/root/usr/share/info --with-bugurl=http://bugzilla.redhat.com/bugzilla --enable-shared --enable-threads=posix --enable-checking=release --enable-multilib --with-system-zlib --enable-__cxa_atexit --disable-libunwind-exceptions --enable-gnu-unique-object --enable-linker-build-id --with-gcc-major-version-only --with-linker-hash-style=gnu --enable-plugin --enable-initfini-array --with-isl=/builddir/build/BUILD/gcc-11.2.1-20210728/obj-x86_64-redhat-linux/isl-install --enable-offload-targets=nvptx-none --without-cuda-driver --enable-gnu-indirect-function --enable-cet --with-tune=generic --with-arch_32=x86-64 --build=x86_64-redhat-linux]
  ignore line: [Thread model: posix]
  ignore line: [Supported LTO compression algorithms: zlib zstd]
  ignore line: [gcc version 11.2.1 20210728 (Red Hat 11.2.1-1) (GCC) ]
  ignore line: [COLLECT_GCC_OPTIONS='-fopenmp' '-v' '-o' 'CMakeFiles/cmTC_d7de9.dir/OpenMPTryFlag.c.o' '-c' '-mtune=generic' '-march=x86-64' '-pthread' '-dumpdir' 'CMakeFiles/cmTC_d7de9.dir/']
  ignore line: [ /opt/rh/gcc-toolset-11/root/usr/libexec/gcc/x86_64-redhat-linux/11/cc1 -quiet -v -D_REENTRANT /home/s5221926/CFA/programming-project-IsabelJoseph101/build/CMakeFiles/FindOpenMP/OpenMPTryFlag.c -quiet -dumpdir CMakeFiles/cmTC_d7de9.dir/ -dumpbase OpenMPTryFlag.c.c -dumpbase-ext .c -mtune=generic -march=x86-64 -version -fopenmp -o /tmp/ccCDwlrf.s]
  ignore line: [GNU C17 (GCC) version 11.2.1 20210728 (Red Hat 11.2.1-1) (x86_64-redhat-linux)]
  ignore line: [	compiled by GNU C version 11.2.1 20210728 (Red Hat 11.2.1-1)  GMP version 6.1.2  MPFR version 3.1.6-p2  MPC version 1.1.0  isl version isl-0.18-GMP]
  ignore line: []
  ignore line: [GGC heuristics: --param ggc-min-expand=100 --param ggc-min-heapsize=131072]
  ignore line: [ignoring nonexistent directory "/opt/rh/gcc-toolset-11/root/usr/lib/gcc/x86_64-redhat-linux/11/include-fixed"]
  ignore line: [ignoring nonexistent directory "/opt/rh/gcc-toolset-11/root/usr/lib/gcc/x86_64-redhat-linux/11/../../../../x86_64-redhat-linux/include"]
  ignore line: [#include "..." search starts here:]
  ignore line: [#include <...> search starts here:]
  ignore line: [ /usr/local/cuda-11/include]
  ignore line: [ .]
  ignore line: [ /opt/rh/gcc-toolset-11/root/usr/lib/gcc/x86_64-redhat-linux/11/include]
  ignore line: [ /usr/local/include]
  ignore line: [ /opt/rh/gcc-toolset-11/root/usr/include]
  ignore line: [ /usr/include]
  ignore line: [End of search list.]
  ignore line: [GNU C17 (GCC) version 11.2.1 20210728 (Red Hat 11.2.1-1) (x86_64-redhat-linux)]
  ignore line: [	compiled by GNU C version 11.2.1 20210728 (Red Hat 11.2.1-1)  GMP version 6.1.2  MPFR version 3.1.6-p2  MPC version 1.1.0  isl version isl-0.18-GMP]
  ignore line: []
  ignore line: [GGC heuristics: --param ggc-min-expand=100 --param ggc-min-heapsize=131072]
  ignore line: [Compiler executable checksum: 889a96953babe86ec55ab82307b86608]
  ignore line: [COLLECT_GCC_OPTIONS='-fopenmp' '-v' '-o' 'CMakeFiles/cmTC_d7de9.dir/OpenMPTryFlag.c.o' '-c' '-mtune=generic' '-march=x86-64' '-pthread' '-dumpdir' 'CMakeFiles/cmTC_d7de9.dir/']
  ignore line: [ as -v --64 -o CMakeFiles/cmTC_d7de9.dir/OpenMPTryFlag.c.o /tmp/ccCDwlrf.s]
  ignore line: [GNU assembler version 2.36.1 (x86_64-redhat-linux) using BFD version version 2.36.1-1.el8]
  ignore line: [COMPILER_PATH=/opt/rh/gcc-toolset-11/root/usr/libexec/gcc/x86_64-redhat-linux/11/:/opt/rh/gcc-toolset-11/root/usr/libexec/gcc/x86_64-redhat-linux/11/:/opt/rh/gcc-toolset-11/root/usr/libexec/gcc/x86_64-redhat-linux/:/opt/rh/gcc-toolset-11/root/usr/lib/gcc/x86_64-redhat-linux/11/:/opt/rh/gcc-toolset-11/root/usr/lib/gcc/x86_64-redhat-linux/]
  ignore line: [LIBRARY_PATH=/opt/rh/gcc-toolset-11/root/usr/lib/gcc/x86_64-redhat-linux/11/:/opt/rh/gcc-toolset-11/root/usr/lib/gcc/x86_64-redhat-linux/11/../../../../lib64/:/lib/../lib64/:/usr/lib/../lib64/:/opt/rh/gcc-toolset-11/root/usr/lib/gcc/x86_64-redhat-linux/11/../../../:/lib/:/usr/lib/]
  ignore line: [COLLECT_GCC_OPTIONS='-fopenmp' '-v' '-o' 'CMakeFiles/cmTC_d7de9.dir/OpenMPTryFlag.c.o' '-c' '-mtune=generic' '-march=x86-64' '-pthread' '-dumpdir' 'CMakeFiles/cmTC_d7de9.dir/OpenMPTryFlag.c.']
  ignore line: [[2/2] Linking C executable cmTC_d7de9]
  ignore line: [Using built-in specs.]
  ignore line: [COLLECT_GCC=/opt/rh/gcc-toolset-11/root/usr/bin/gcc]
  ignore line: [COLLECT_LTO_WRAPPER=/opt/rh/gcc-toolset-11/root/usr/libexec/gcc/x86_64-redhat-linux/11/lto-wrapper]
  ignore line: [OFFLOAD_TARGET_NAMES=nvptx-none]
  ignore line: [OFFLOAD_TARGET_DEFAULT=1]
  ignore line: [Target: x86_64-redhat-linux]
  ignore line: [Configured with: ../configure --enable-bootstrap --enable-languages=c c++ fortran lto --prefix=/opt/rh/gcc-toolset-11/root/usr --mandir=/opt/rh/gcc-toolset-11/root/usr/share/man --infodir=/opt/rh/gcc-toolset-11/root/usr/share/info --with-bugurl=http://bugzilla.redhat.com/bugzilla --enable-shared --enable-threads=posix --enable-checking=release --enable-multilib --with-system-zlib --enable-__cxa_atexit --disable-libunwind-exceptions --enable-gnu-unique-object --enable-linker-build-id --with-gcc-major-version-only --with-linker-hash-style=gnu --enable-plugin --enable-initfini-array --with-isl=/builddir/build/BUILD/gcc-11.2.1-20210728/obj-x86_64-redhat-linux/isl-install --enable-offload-targets=nvptx-none --without-cuda-driver --enable-gnu-indirect-function --enable-cet --with-tune=generic --with-arch_32=x86-64 --build=x86_64-redhat-linux]
  ignore line: [Thread model: posix]
  ignore line: [Supported LTO compression algorithms: zlib zstd]
  ignore line: [gcc version 11.2.1 20210728 (Red Hat 11.2.1-1) (GCC) ]
  ignore line: [COMPILER_PATH=/opt/rh/gcc-toolset-11/root/usr/libexec/gcc/x86_64-redhat-linux/11/:/opt/rh/gcc-toolset-11/root/usr/libexec/gcc/x86_64-redhat-linux/11/:/opt/rh/gcc-toolset-11/root/usr/libexec/gcc/x86_64-redhat-linux/:/opt/rh/gcc-toolset-11/root/usr/lib/gcc/x86_64-redhat-linux/11/:/opt/rh/gcc-toolset-11/root/usr/lib/gcc/x86_64-redhat-linux/]
  ignore line: [LIBRARY_PATH=/opt/rh/gcc-toolset-11/root/usr/lib/gcc/x86_64-redhat-linux/11/:/opt/rh/gcc-toolset-11/root/usr/lib/gcc/x86_64-redhat-linux/11/../../../../lib64/:/lib/../lib64/:/usr/lib/../lib64/:/opt/rh/gcc-toolset-11/root/usr/lib/gcc/x86_64-redhat-linux/11/../../../:/lib/:/usr/lib/]
  ignore line: [Reading specs from /opt/rh/gcc-toolset-11/root/usr/lib/gcc/x86_64-redhat-linux/11/libgomp.spec]
  ignore line: [COLLECT_GCC_OPTIONS='-fopenmp' '-v' '-o' 'cmTC_d7de9' '-v' '-mtune=generic' '-march=x86-64' '-pthread' '-dumpdir' 'cmTC_d7de9.']
  link line: [ /opt/rh/gcc-toolset-11/root/usr/libexec/gcc/x86_64-redhat-linux/11/collect2 -plugin /opt/rh/gcc-toolset-11/root/usr/libexec/gcc/x86_64-redhat-linux/11/liblto_plugin.so -plugin-opt=/opt/rh/gcc-toolset-11/root/usr/libexec/gcc/x86_64-redhat-linux/11/lto-wrapper -plugin-opt=-fresolution=/tmp/ccFwR6oy.res -plugin-opt=-pass-through=-lgcc -plugin-opt=-pass-through=-lgcc_s -plugin-opt=-pass-through=-lpthread -plugin-opt=-pass-through=-lc -plugin-opt=-pass-through=-lgcc -plugin-opt=-pass-through=-lgcc_s --build-id --no-add-needed --eh-frame-hdr --hash-style=gnu -m elf_x86_64 -dynamic-linker /lib64/ld-linux-x86-64.so.2 -o cmTC_d7de9 /lib/../lib64/crt1.o /lib/../lib64/crti.o /opt/rh/gcc-toolset-11/root/usr/lib/gcc/x86_64-redhat-linux/11/crtbegin.o /opt/rh/gcc-toolset-11/root/usr/lib/gcc/x86_64-redhat-linux/11/crtoffloadbegin.o -L/opt/rh/gcc-toolset-11/root/usr/lib/gcc/x86_64-redhat-linux/11 -L/opt/rh/gcc-toolset-11/root/usr/lib/gcc/x86_64-redhat-linux/11/../../../../lib64 -L/lib/../lib64 -L/usr/lib/../lib64 -L/opt/rh/gcc-toolset-11/root/usr/lib/gcc/x86_64-redhat-linux/11/../../.. CMakeFiles/cmTC_d7de9.dir/OpenMPTryFlag.c.o -lgomp -lgcc --push-state --as-needed -lgcc_s --pop-state -lpthread -lc -lgcc --push-state --as-needed -lgcc_s --pop-state /opt/rh/gcc-toolset-11/root/usr/lib/gcc/x86_64-redhat-linux/11/crtend.o /lib/../lib64/crtn.o /opt/rh/gcc-toolset-11/root/usr/lib/gcc/x86_64-redhat-linux/11/crtoffloadend.o]
    arg [/opt/rh/gcc-toolset-11/root/usr/libexec/gcc/x86_64-redhat-linux/11/collect2] ==> ignore
    arg [-plugin] ==> ignore
    arg [/opt/rh/gcc-toolset-11/root/usr/libexec/gcc/x86_64-redhat-linux/11/liblto_plugin.so] ==> ignore
    arg [-plugin-opt=/opt/rh/gcc-toolset-11/root/usr/libexec/gcc/x86_64-redhat-linux/11/lto-wrapper] ==> ignore
    arg [-plugin-opt=-fresolution=/tmp/ccFwR6oy.res] ==> ignore
    arg [-plugin-opt=-pass-through=-lgcc] ==> ignore
    arg [-plugin-opt=-pass-through=-lgcc_s] ==> ignore
    arg [-plugin-opt=-pass-through=-lpthread] ==> ignore
    arg [-plugin-opt=-pass-through=-lc] ==> ignore
    arg [-plugin-opt=-pass-through=-lgcc] ==> ignore
    arg [-plugin-opt=-pass-through=-lgcc_s] ==> ignore
    arg [--build-id] ==> ignore
    arg [--no-add-needed] ==> ignore
    arg [--eh-frame-hdr] ==> ignore
    arg [--hash-style=gnu] ==> ignore
    arg [-m] ==> ignore
    arg [elf_x86_64] ==> ignore
    arg [-dynamic-linker] ==> ignore
    arg [/lib64/ld-linux-x86-64.so.2] ==> ignore
    arg [-o] ==> ignore
    arg [cmTC_d7de9] ==> ignore
    arg [-L/opt/rh/gcc-toolset-11/root/usr/lib/gcc/x86_64-redhat-linux/11] ==> dir [/opt/rh/gcc-toolset-11/root/usr/lib/gcc/x86_64-redhat-linux/11]
    arg [-L/opt/rh/gcc-toolset-11/root/usr/lib/gcc/x86_64-redhat-linux/11/../../../../lib64] ==> dir [/opt/rh/gcc-toolset-11/root/usr/lib/gcc/x86_64-redhat-linux/11/../../../../lib64]
    arg [-L/lib/../lib64] ==> dir [/lib/../lib64]
    arg [-L/usr/lib/../lib64] ==> dir [/usr/lib/../lib64]
    arg [-L/opt/rh/gcc-toolset-11/root/usr/lib/gcc/x86_64-redhat-linux/11/../../..] ==> dir [/opt/rh/gcc-toolset-11/root/usr/lib/gcc/x86_64-redhat-linux/11/../../..]
    arg [CMakeFiles/cmTC_d7de9.dir/OpenMPTryFlag.c.o] ==> ignore
    arg [-lgomp] ==> lib [gomp]
    arg [-lgcc] ==> lib [gcc]
    arg [--push-state] ==> ignore
    arg [--as-needed] ==> ignore
    arg [-lgcc_s] ==> lib [gcc_s]
    arg [--pop-state] ==> ignore
    arg [-lpthread] ==> lib [pthread]
    arg [-lc] ==> lib [c]
    arg [-lgcc] ==> lib [gcc]
    arg [--push-state] ==> ignore
    arg [--as-needed] ==> ignore
    arg [-lgcc_s] ==> lib [gcc_s]
    arg [--pop-state] ==> ignore
  collapse library dir [/opt/rh/gcc-toolset-11/root/usr/lib/gcc/x86_64-redhat-linux/11] ==> [/opt/rh/gcc-toolset-11/root/usr/lib/gcc/x86_64-redhat-linux/11]
  collapse library dir [/opt/rh/gcc-toolset-11/root/usr/lib/gcc/x86_64-redhat-linux/11/../../../../lib64] ==> [/opt/rh/gcc-toolset-11/root/usr/lib64]
  collapse library dir [/lib/../lib64] ==> [/lib64]
  collapse library dir [/usr/lib/../lib64] ==> [/usr/lib64]
  collapse library dir [/opt/rh/gcc-toolset-11/root/usr/lib/gcc/x86_64-redhat-linux/11/../../..] ==> [/opt/rh/gcc-toolset-11/root/usr/lib]
  implicit libs: [gomp;gcc;gcc_s;pthread;c;gcc;gcc_s]
  implicit objs: []
  implicit dirs: [/opt/rh/gcc-toolset-11/root/usr/lib/gcc/x86_64-redhat-linux/11;/opt/rh/gcc-toolset-11/root/usr/lib64;/lib64;/usr/lib64;/opt/rh/gcc-toolset-11/root/usr/lib]
  implicit fwks: []


Detecting CXX OpenMP compiler ABI info compiled with the following output:
Change Dir: /home/s5221926/CFA/programming-project-IsabelJoseph101/build/CMakeFiles/CMakeTmp

Run Build Command(s):/usr/bin/ninja-build cmTC_6a29a && [1/2] Building CXX object CMakeFiles/cmTC_6a29a.dir/OpenMPTryFlag.cpp.o
Using built-in specs.
COLLECT_GCC=/opt/rh/gcc-toolset-11/root/usr/bin/g++
OFFLOAD_TARGET_NAMES=nvptx-none
OFFLOAD_TARGET_DEFAULT=1
Target: x86_64-redhat-linux
Configured with: ../configure --enable-bootstrap --enable-languages=c,c++,fortran,lto --prefix=/opt/rh/gcc-toolset-11/root/usr --mandir=/opt/rh/gcc-toolset-11/root/usr/share/man --infodir=/opt/rh/gcc-toolset-11/root/usr/share/info --with-bugurl=http://bugzilla.redhat.com/bugzilla --enable-shared --enable-threads=posix --enable-checking=release --enable-multilib --with-system-zlib --enable-__cxa_atexit --disable-libunwind-exceptions --enable-gnu-unique-object --enable-linker-build-id --with-gcc-major-version-only --with-linker-hash-style=gnu --enable-plugin --enable-initfini-array --with-isl=/builddir/build/BUILD/gcc-11.2.1-20210728/obj-x86_64-redhat-linux/isl-install --enable-offload-targets=nvptx-none --without-cuda-driver --enable-gnu-indirect-function --enable-cet --with-tune=generic --with-arch_32=x86-64 --build=x86_64-redhat-linux
Thread model: posix
Supported LTO compression algorithms: zlib zstd
gcc version 11.2.1 20210728 (Red Hat 11.2.1-1) (GCC) 
COLLECT_GCC_OPTIONS='-fopenmp' '-v' '-o' 'CMakeFiles/cmTC_6a29a.dir/OpenMPTryFlag.cpp.o' '-c' '-shared-libgcc' '-mtune=generic' '-march=x86-64' '-pthread' '-dumpdir' 'CMakeFiles/cmTC_6a29a.dir/'
 /opt/rh/gcc-toolset-11/root/usr/libexec/gcc/x86_64-redhat-linux/11/cc1plus -quiet -v -D_GNU_SOURCE -D_REENTRANT /home/s5221926/CFA/programming-project-IsabelJoseph101/build/CMakeFiles/FindOpenMP/OpenMPTryFlag.cpp -quiet -dumpdir CMakeFiles/cmTC_6a29a.dir/ -dumpbase OpenMPTryFlag.cpp.cpp -dumpbase-ext .cpp -mtune=generic -march=x86-64 -version -fopenmp -o /tmp/cch3ECBY.s
GNU C++17 (GCC) version 11.2.1 20210728 (Red Hat 11.2.1-1) (x86_64-redhat-linux)
	compiled by GNU C version 11.2.1 20210728 (Red Hat 11.2.1-1), GMP version 6.1.2, MPFR version 3.1.6-p2, MPC version 1.1.0, isl version isl-0.18-GMP

GGC heuristics: --param ggc-min-expand=100 --param ggc-min-heapsize=131072
ignoring nonexistent directory "/opt/rh/gcc-toolset-11/root/usr/lib/gcc/x86_64-redhat-linux/11/include-fixed"
ignoring nonexistent directory "/opt/rh/gcc-toolset-11/root/usr/lib/gcc/x86_64-redhat-linux/11/../../../../x86_64-redhat-linux/include"
#include "..." search starts here:
#include <...> search starts here:
 /usr/local/cuda-11/include
 .
 /opt/rh/gcc-toolset-11/root/usr/lib/gcc/x86_64-redhat-linux/11/../../../../include/c++/11
 /opt/rh/gcc-toolset-11/root/usr/lib/gcc/x86_64-redhat-linux/11/../../../../include/c++/11/x86_64-redhat-linux
 /opt/rh/gcc-toolset-11/root/usr/lib/gcc/x86_64-redhat-linux/11/../../../../include/c++/11/backward
 /opt/rh/gcc-toolset-11/root/usr/lib/gcc/x86_64-redhat-linux/11/include
 /usr/local/include
 /opt/rh/gcc-toolset-11/root/usr/include
 /usr/include
End of search list.
GNU C++17 (GCC) version 11.2.1 20210728 (Red Hat 11.2.1-1) (x86_64-redhat-linux)
	compiled by GNU C version 11.2.1 20210728 (Red Hat 11.2.1-1), GMP version 6.1.2, MPFR version 3.1.6-p2, MPC version 1.1.0, isl version isl-0.18-GMP

GGC heuristics: --param ggc-min-expand=100 --param ggc-min-heapsize=131072
Compiler executable checksum: 7221690e1891ecb7abe053da39174f2c
COLLECT_GCC_OPTIONS='-fopenmp' '-v' '-o' 'CMakeFiles/cmTC_6a29a.dir/OpenMPTryFlag.cpp.o' '-c' '-shared-libgcc' '-mtune=generic' '-march=x86-64' '-pthread' '-dumpdir' 'CMakeFiles/cmTC_6a29a.dir/'
 as -v --64 -o CMakeFiles/cmTC_6a29a.dir/OpenMPTryFlag.cpp.o /tmp/cch3ECBY.s
GNU assembler version 2.36.1 (x86_64-redhat-linux) using BFD version version 2.36.1-1.el8
COMPILER_PATH=/opt/rh/gcc-toolset-11/root/usr/libexec/gcc/x86_64-redhat-linux/11/:/opt/rh/gcc-toolset-11/root/usr/libexec/gcc/x86_64-redhat-linux/11/:/opt/rh/gcc-toolset-11/root/usr/libexec/gcc/x86_64-redhat-linux/:/opt/rh/gcc-toolset-11/root/usr/lib/gcc/x86_64-redhat-linux/11/:/opt/rh/gcc-toolset-11/root/usr/lib/gcc/x86_64-redhat-linux/
LIBRARY_PATH=/opt/rh/gcc-toolset-11/root/usr/lib/gcc/x86_64-redhat-linux/11/:/opt/rh/gcc-toolset-11/root/usr/lib/gcc/x86_64-redhat-linux/11/../../../../lib64/:/lib/../lib64/:/usr/lib/../lib64/:/opt/rh/gcc-toolset-11/root/usr/lib/gcc/x86_64-redhat-linux/11/../../../:/lib/:/usr/lib/
COLLECT_GCC_OPTIONS='-fopenmp' '-v' '-o' 'CMakeFiles/cmTC_6a29a.dir/OpenMPTryFlag.cpp.o' '-c' '-shared-libgcc' '-mtune=generic' '-march=x86-64' '-pthread' '-dumpdir' 'CMakeFiles/cmTC_6a29a.dir/OpenMPTryFlag.cpp.'
[2/2] Linking CXX executable cmTC_6a29a
Using built-in specs.
COLLECT_GCC=/opt/rh/gcc-toolset-11/root/usr/bin/g++
COLLECT_LTO_WRAPPER=/opt/rh/gcc-toolset-11/root/usr/libexec/gcc/x86_64-redhat-linux/11/lto-wrapper
OFFLOAD_TARGET_NAMES=nvptx-none
OFFLOAD_TARGET_DEFAULT=1
Target: x86_64-redhat-linux
Configured with: ../configure --enable-bootstrap --enable-languages=c,c++,fortran,lto --prefix=/opt/rh/gcc-toolset-11/root/usr --mandir=/opt/rh/gcc-toolset-11/root/usr/share/man --infodir=/opt/rh/gcc-toolset-11/root/usr/share/info --with-bugurl=http://bugzilla.redhat.com/bugzilla --enable-shared --enable-threads=posix --enable-checking=release --enable-multilib --with-system-zlib --enable-__cxa_atexit --disable-libunwind-exceptions --enable-gnu-unique-object --enable-linker-build-id --with-gcc-major-version-only --with-linker-hash-style=gnu --enable-plugin --enable-initfini-array --with-isl=/builddir/build/BUILD/gcc-11.2.1-20210728/obj-x86_64-redhat-linux/isl-install --enable-offload-targets=nvptx-none --without-cuda-driver --enable-gnu-indirect-function --enable-cet --with-tune=generic --with-arch_32=x86-64 --build=x86_64-redhat-linux
Thread model: posix
Supported LTO compression algorithms: zlib zstd
gcc version 11.2.1 20210728 (Red Hat 11.2.1-1) (GCC) 
COMPILER_PATH=/opt/rh/gcc-toolset-11/root/usr/libexec/gcc/x86_64-redhat-linux/11/:/opt/rh/gcc-toolset-11/root/usr/libexec/gcc/x86_64-redhat-linux/11/:/opt/rh/gcc-toolset-11/root/usr/libexec/gcc/x86_64-redhat-linux/:/opt/rh/gcc-toolset-11/root/usr/lib/gcc/x86_64-redhat-linux/11/:/opt/rh/gcc-toolset-11/root/usr/lib/gcc/x86_64-redhat-linux/
LIBRARY_PATH=/opt/rh/gcc-toolset-11/root/usr/lib/gcc/x86_64-redhat-linux/11/:/opt/rh/gcc-toolset-11/root/usr/lib/gcc/x86_64-redhat-linux/11/../../../../lib64/:/lib/../lib64/:/usr/lib/../lib64/:/opt/rh/gcc-toolset-11/root/usr/lib/gcc/x86_64-redhat-linux/11/../../../:/lib/:/usr/lib/
Reading specs from /opt/rh/gcc-toolset-11/root/usr/lib/gcc/x86_64-redhat-linux/11/libgomp.spec
COLLECT_GCC_OPTIONS='-fopenmp' '-v' '-o' 'cmTC_6a29a' '-v' '-shared-libgcc' '-mtune=generic' '-march=x86-64' '-pthread' '-dumpdir' 'cmTC_6a29a.'
 /opt/rh/gcc-toolset-11/root/usr/libexec/gcc/x86_64-redhat-linux/11/collect2 -plugin /opt/rh/gcc-toolset-11/root/usr/libexec/gcc/x86_64-redhat-linux/11/liblto_plugin.so -plugin-opt=/opt/rh/gcc-toolset-11/root/usr/libexec/gcc/x86_64-redhat-linux/11/lto-wrapper -plugin-opt=-fresolution=/tmp/ccQyeJme.res -plugin-opt=-pass-through=-lgcc_s -plugin-opt=-pass-through=-lgcc -plugin-opt=-pass-through=-lpthread -plugin-opt=-pass-through=-lc -plugin-opt=-pass-through=-lgcc_s -plugin-opt=-pass-through=-lgcc --build-id --no-add-needed --eh-frame-hdr --hash-style=gnu -m elf_x86_64 -dynamic-linker /lib64/ld-linux-x86-64.so.2 -o cmTC_6a29a /lib/../lib64/crt1.o /lib/../lib64/crti.o /opt/rh/gcc-toolset-11/root/usr/lib/gcc/x86_64-redhat-linux/11/crtbegin.o /opt/rh/gcc-toolset-11/root/usr/lib/gcc/x86_64-redhat-linux/11/crtoffloadbegin.o -L/opt/rh/gcc-toolset-11/root/usr/lib/gcc/x86_64-redhat-linux/11 -L/opt/rh/gcc-toolset-11/root/usr/lib/gcc/x86_64-redhat-linux/11/../../../../lib64 -L/lib/../lib64 -L/usr/lib/../lib64 -L/opt/rh/gcc-toolset-11/root/usr/lib/gcc/x86_64-redhat-linux/11/../../.. CMakeFiles/cmTC_6a29a.dir/OpenMPTryFlag.cpp.o -lstdc++ -lm -lgomp -lgcc_s -lgcc -lpthread -lc -lgcc_s -lgcc /opt/rh/gcc-toolset-11/root/usr/lib/gcc/x86_64-redhat-linux/11/crtend.o /lib/../lib64/crtn.o /opt/rh/gcc-toolset-11/root/usr/lib/gcc/x86_64-redhat-linux/11/crtoffloadend.o
COLLECT_GCC_OPTIONS='-fopenmp' '-v' '-o' 'cmTC_6a29a' '-v' '-shared-libgcc' '-mtune=generic' '-march=x86-64' '-pthread' '-dumpdir' 'cmTC_6a29a.'



Parsed CXX OpenMP implicit link information from above output:
  link line regex: [^( *|.*[/\])(ld|CMAKE_LINK_STARTFILE-NOTFOUND|([^/\]+-)?ld|collect2)[^/\]*( |$)]
  ignore line: [Change Dir: /home/s5221926/CFA/programming-project-IsabelJoseph101/build/CMakeFiles/CMakeTmp]
  ignore line: []
  ignore line: [Run Build Command(s):/usr/bin/ninja-build cmTC_6a29a && [1/2] Building CXX object CMakeFiles/cmTC_6a29a.dir/OpenMPTryFlag.cpp.o]
  ignore line: [Using built-in specs.]
  ignore line: [COLLECT_GCC=/opt/rh/gcc-toolset-11/root/usr/bin/g++]
  ignore line: [OFFLOAD_TARGET_NAMES=nvptx-none]
  ignore line: [OFFLOAD_TARGET_DEFAULT=1]
  ignore line: [Target: x86_64-redhat-linux]
  ignore line: [Configured with: ../configure --enable-bootstrap --enable-languages=c c++ fortran lto --prefix=/opt/rh/gcc-toolset-11/root/usr --mandir=/opt/rh/gcc-toolset-11/root/usr/share/man --infodir=/opt/rh/gcc-toolset-11/root/usr/share/info --with-bugurl=http://bugzilla.redhat.com/bugzilla --enable-shared --enable-threads=posix --enable-checking=release --enable-multilib --with-system-zlib --enable-__cxa_atexit --disable-libunwind-exceptions --enable-gnu-unique-object --enable-linker-build-id --with-gcc-major-version-only --with-linker-hash-style=gnu --enable-plugin --enable-initfini-array --with-isl=/builddir/build/BUILD/gcc-11.2.1-20210728/obj-x86_64-redhat-linux/isl-install --enable-offload-targets=nvptx-none --without-cuda-driver --enable-gnu-indirect-function --enable-cet --with-tune=generic --with-arch_32=x86-64 --build=x86_64-redhat-linux]
  ignore line: [Thread model: posix]
  ignore line: [Supported LTO compression algorithms: zlib zstd]
  ignore line: [gcc version 11.2.1 20210728 (Red Hat 11.2.1-1) (GCC) ]
  ignore line: [COLLECT_GCC_OPTIONS='-fopenmp' '-v' '-o' 'CMakeFiles/cmTC_6a29a.dir/OpenMPTryFlag.cpp.o' '-c' '-shared-libgcc' '-mtune=generic' '-march=x86-64' '-pthread' '-dumpdir' 'CMakeFiles/cmTC_6a29a.dir/']
  ignore line: [ /opt/rh/gcc-toolset-11/root/usr/libexec/gcc/x86_64-redhat-linux/11/cc1plus -quiet -v -D_GNU_SOURCE -D_REENTRANT /home/s5221926/CFA/programming-project-IsabelJoseph101/build/CMakeFiles/FindOpenMP/OpenMPTryFlag.cpp -quiet -dumpdir CMakeFiles/cmTC_6a29a.dir/ -dumpbase OpenMPTryFlag.cpp.cpp -dumpbase-ext .cpp -mtune=generic -march=x86-64 -version -fopenmp -o /tmp/cch3ECBY.s]
  ignore line: [GNU C++17 (GCC) version 11.2.1 20210728 (Red Hat 11.2.1-1) (x86_64-redhat-linux)]
  ignore line: [	compiled by GNU C version 11.2.1 20210728 (Red Hat 11.2.1-1)  GMP version 6.1.2  MPFR version 3.1.6-p2  MPC version 1.1.0  isl version isl-0.18-GMP]
  ignore line: []
  ignore line: [GGC heuristics: --param ggc-min-expand=100 --param ggc-min-heapsize=131072]
  ignore line: [ignoring nonexistent directory "/opt/rh/gcc-toolset-11/root/usr/lib/gcc/x86_64-redhat-linux/11/include-fixed"]
  ignore line: [ignoring nonexistent directory "/opt/rh/gcc-toolset-11/root/usr/lib/gcc/x86_64-redhat-linux/11/../../../../x86_64-redhat-linux/include"]
  ignore line: [#include "..." search starts here:]
  ignore line: [#include <...> search starts here:]
  ignore line: [ /usr/local/cuda-11/include]
  ignore line: [ .]
  ignore line: [ /opt/rh/gcc-toolset-11/root/usr/lib/gcc/x86_64-redhat-linux/11/../../../../include/c++/11]
  ignore line: [ /opt/rh/gcc-toolset-11/root/usr/lib/gcc/x86_64-redhat-linux/11/../../../../include/c++/11/x86_64-redhat-linux]
  ignore line: [ /opt/rh/gcc-toolset-11/root/usr/lib/gcc/x86_64-redhat-linux/11/../../../../include/c++/11/backward]
  ignore line: [ /opt/rh/gcc-toolset-11/root/usr/lib/gcc/x86_64-redhat-linux/11/include]
  ignore line: [ /usr/local/include]
  ignore line: [ /opt/rh/gcc-toolset-11/root/usr/include]
  ignore line: [ /usr/include]
  ignore line: [End of search list.]
  ignore line: [GNU C++17 (GCC) version 11.2.1 20210728 (Red Hat 11.2.1-1) (x86_64-redhat-linux)]
  ignore line: [	compiled by GNU C version 11.2.1 20210728 (Red Hat 11.2.1-1)  GMP version 6.1.2  MPFR version 3.1.6-p2  MPC version 1.1.0  isl version isl-0.18-GMP]
  ignore line: []
  ignore line: [GGC heuristics: --param ggc-min-expand=100 --param ggc-min-heapsize=131072]
  ignore line: [Compiler executable checksum: 7221690e1891ecb7abe053da39174f2c]
  ignore line: [COLLECT_GCC_OPTIONS='-fopenmp' '-v' '-o' 'CMakeFiles/cmTC_6a29a.dir/OpenMPTryFlag.cpp.o' '-c' '-shared-libgcc' '-mtune=generic' '-march=x86-64' '-pthread' '-dumpdir' 'CMakeFiles/cmTC_6a29a.dir/']
  ignore line: [ as -v --64 -o CMakeFiles/cmTC_6a29a.dir/OpenMPTryFlag.cpp.o /tmp/cch3ECBY.s]
  ignore line: [GNU assembler version 2.36.1 (x86_64-redhat-linux) using BFD version version 2.36.1-1.el8]
  ignore line: [COMPILER_PATH=/opt/rh/gcc-toolset-11/root/usr/libexec/gcc/x86_64-redhat-linux/11/:/opt/rh/gcc-toolset-11/root/usr/libexec/gcc/x86_64-redhat-linux/11/:/opt/rh/gcc-toolset-11/root/usr/libexec/gcc/x86_64-redhat-linux/:/opt/rh/gcc-toolset-11/root/usr/lib/gcc/x86_64-redhat-linux/11/:/opt/rh/gcc-toolset-11/root/usr/lib/gcc/x86_64-redhat-linux/]
  ignore line: [LIBRARY_PATH=/opt/rh/gcc-toolset-11/root/usr/lib/gcc/x86_64-redhat-linux/11/:/opt/rh/gcc-toolset-11/root/usr/lib/gcc/x86_64-redhat-linux/11/../../../../lib64/:/lib/../lib64/:/usr/lib/../lib64/:/opt/rh/gcc-toolset-11/root/usr/lib/gcc/x86_64-redhat-linux/11/../../../:/lib/:/usr/lib/]
  ignore line: [COLLECT_GCC_OPTIONS='-fopenmp' '-v' '-o' 'CMakeFiles/cmTC_6a29a.dir/OpenMPTryFlag.cpp.o' '-c' '-shared-libgcc' '-mtune=generic' '-march=x86-64' '-pthread' '-dumpdir' 'CMakeFiles/cmTC_6a29a.dir/OpenMPTryFlag.cpp.']
  ignore line: [[2/2] Linking CXX executable cmTC_6a29a]
  ignore line: [Using built-in specs.]
  ignore line: [COLLECT_GCC=/opt/rh/gcc-toolset-11/root/usr/bin/g++]
  ignore line: [COLLECT_LTO_WRAPPER=/opt/rh/gcc-toolset-11/root/usr/libexec/gcc/x86_64-redhat-linux/11/lto-wrapper]
  ignore line: [OFFLOAD_TARGET_NAMES=nvptx-none]
  ignore line: [OFFLOAD_TARGET_DEFAULT=1]
  ignore line: [Target: x86_64-redhat-linux]
  ignore line: [Configured with: ../configure --enable-bootstrap --enable-languages=c c++ fortran lto --prefix=/opt/rh/gcc-toolset-11/root/usr --mandir=/opt/rh/gcc-toolset-11/root/usr/share/man --infodir=/opt/rh/gcc-toolset-11/root/usr/share/info --with-bugurl=http://bugzilla.redhat.com/bugzilla --enable-shared --enable-threads=posix --enable-checking=release --enable-multilib --with-system-zlib --enable-__cxa_atexit --disable-libunwind-exceptions --enable-gnu-unique-object --enable-linker-build-id --with-gcc-major-version-only --with-linker-hash-style=gnu --enable-plugin --enable-initfini-array --with-isl=/builddir/build/BUILD/gcc-11.2.1-20210728/obj-x86_64-redhat-linux/isl-install --enable-offload-targets=nvptx-none --without-cuda-driver --enable-gnu-indirect-function --enable-cet --with-tune=generic --with-arch_32=x86-64 --build=x86_64-redhat-linux]
  ignore line: [Thread model: posix]
  ignore line: [Supported LTO compression algorithms: zlib zstd]
  ignore line: [gcc version 11.2.1 20210728 (Red Hat 11.2.1-1) (GCC) ]
  ignore line: [COMPILER_PATH=/opt/rh/gcc-toolset-11/root/usr/libexec/gcc/x86_64-redhat-linux/11/:/opt/rh/gcc-toolset-11/root/usr/libexec/gcc/x86_64-redhat-linux/11/:/opt/rh/gcc-toolset-11/root/usr/libexec/gcc/x86_64-redhat-linux/:/opt/rh/gcc-toolset-11/root/usr/lib/gcc/x86_64-redhat-linux/11/:/opt/rh/gcc-toolset-11/root/usr/lib/gcc/x86_64-redhat-linux/]
  ignore line: [LIBRARY_PATH=/opt/rh/gcc-toolset-11/root/usr/lib/gcc/x86_64-redhat-linux/11/:/opt/rh/gcc-toolset-11/root/usr/lib/gcc/x86_64-redhat-linux/11/../../../../lib64/:/lib/../lib64/:/usr/lib/../lib64/:/opt/rh/gcc-toolset-11/root/usr/lib/gcc/x86_64-redhat-linux/11/../../../:/lib/:/usr/lib/]
  ignore line: [Reading specs from /opt/rh/gcc-toolset-11/root/usr/lib/gcc/x86_64-redhat-linux/11/libgomp.spec]
  ignore line: [COLLECT_GCC_OPTIONS='-fopenmp' '-v' '-o' 'cmTC_6a29a' '-v' '-shared-libgcc' '-mtune=generic' '-march=x86-64' '-pthread' '-dumpdir' 'cmTC_6a29a.']
  link line: [ /opt/rh/gcc-toolset-11/root/usr/libexec/gcc/x86_64-redhat-linux/11/collect2 -plugin /opt/rh/gcc-toolset-11/root/usr/libexec/gcc/x86_64-redhat-linux/11/liblto_plugin.so -plugin-opt=/opt/rh/gcc-toolset-11/root/usr/libexec/gcc/x86_64-redhat-linux/11/lto-wrapper -plugin-opt=-fresolution=/tmp/ccQyeJme.res -plugin-opt=-pass-through=-lgcc_s -plugin-opt=-pass-through=-lgcc -plugin-opt=-pass-through=-lpthread -plugin-opt=-pass-through=-lc -plugin-opt=-pass-through=-lgcc_s -plugin-opt=-pass-through=-lgcc --build-id --no-add-needed --eh-frame-hdr --hash-style=gnu -m elf_x86_64 -dynamic-linker /lib64/ld-linux-x86-64.so.2 -o cmTC_6a29a /lib/../lib64/crt1.o /lib/../lib64/crti.o /opt/rh/gcc-toolset-11/root/usr/lib/gcc/x86_64-redhat-linux/11/crtbegin.o /opt/rh/gcc-toolset-11/root/usr/lib/gcc/x86_64-redhat-linux/11/crtoffloadbegin.o -L/opt/rh/gcc-toolset-11/root/usr/lib/gcc/x86_64-redhat-linux/11 -L/opt/rh/gcc-toolset-11/root/usr/lib/gcc/x86_64-redhat-linux/11/../../../../lib64 -L/lib/../lib64 -L/usr/lib/../lib64 -L/opt/rh/gcc-toolset-11/root/usr/lib/gcc/x86_64-redhat-linux/11/../../.. CMakeFiles/cmTC_6a29a.dir/OpenMPTryFlag.cpp.o -lstdc++ -lm -lgomp -lgcc_s -lgcc -lpthread -lc -lgcc_s -lgcc /opt/rh/gcc-toolset-11/root/usr/lib/gcc/x86_64-redhat-linux/11/crtend.o /lib/../lib64/crtn.o /opt/rh/gcc-toolset-11/root/usr/lib/gcc/x86_64-redhat-linux/11/crtoffloadend.o]
    arg [/opt/rh/gcc-toolset-11/root/usr/libexec/gcc/x86_64-redhat-linux/11/collect2] ==> ignore
    arg [-plugin] ==> ignore
    arg [/opt/rh/gcc-toolset-11/root/usr/libexec/gcc/x86_64-redhat-linux/11/liblto_plugin.so] ==> ignore
    arg [-plugin-opt=/opt/rh/gcc-toolset-11/root/usr/libexec/gcc/x86_64-redhat-linux/11/lto-wrapper] ==> ignore
    arg [-plugin-opt=-fresolution=/tmp/ccQyeJme.res] ==> ignore
    arg [-plugin-opt=-pass-through=-lgcc_s] ==> ignore
    arg [-plugin-opt=-pass-through=-lgcc] ==> ignore
    arg [-plugin-opt=-pass-through=-lpthread] ==> ignore
    arg [-plugin-opt=-pass-through=-lc] ==> ignore
    arg [-plugin-opt=-pass-through=-lgcc_s] ==> ignore
    arg [-plugin-opt=-pass-through=-lgcc] ==> ignore
    arg [--build-id] ==> ignore
    arg [--no-add-needed] ==> ignore
    arg [--eh-frame-hdr] ==> ignore
    arg [--hash-style=gnu] ==> ignore
    arg [-m] ==> ignore
    arg [elf_x86_64] ==> ignore
    arg [-dynamic-linker] ==> ignore
    arg [/lib64/ld-linux-x86-64.so.2] ==> ignore
    arg [-o] ==> ignore
    arg [cmTC_6a29a] ==> ignore
    arg [-L/opt/rh/gcc-toolset-11/root/usr/lib/gcc/x86_64-redhat-linux/11] ==> dir [/opt/rh/gcc-toolset-11/root/usr/lib/gcc/x86_64-redhat-linux/11]
    arg [-L/opt/rh/gcc-toolset-11/root/usr/lib/gcc/x86_64-redhat-linux/11/../../../../lib64] ==> dir [/opt/rh/gcc-toolset-11/root/usr/lib/gcc/x86_64-redhat-linux/11/../../../../lib64]
    arg [-L/lib/../lib64] ==> dir [/lib/../lib64]
    arg [-L/usr/lib/../lib64] ==> dir [/usr/lib/../lib64]
    arg [-L/opt/rh/gcc-toolset-11/root/usr/lib/gcc/x86_64-redhat-linux/11/../../..] ==> dir [/opt/rh/gcc-toolset-11/root/usr/lib/gcc/x86_64-redhat-linux/11/../../..]
    arg [CMakeFiles/cmTC_6a29a.dir/OpenMPTryFlag.cpp.o] ==> ignore
    arg [-lstdc++] ==> lib [stdc++]
    arg [-lm] ==> lib [m]
    arg [-lgomp] ==> lib [gomp]
    arg [-lgcc_s] ==> lib [gcc_s]
    arg [-lgcc] ==> lib [gcc]
    arg [-lpthread] ==> lib [pthread]
    arg [-lc] ==> lib [c]
    arg [-lgcc_s] ==> lib [gcc_s]
    arg [-lgcc] ==> lib [gcc]
  collapse library dir [/opt/rh/gcc-toolset-11/root/usr/lib/gcc/x86_64-redhat-linux/11] ==> [/opt/rh/gcc-toolset-11/root/usr/lib/gcc/x86_64-redhat-linux/11]
  collapse library dir [/opt/rh/gcc-toolset-11/root/usr/lib/gcc/x86_64-redhat-linux/11/../../../../lib64] ==> [/opt/rh/gcc-toolset-11/root/usr/lib64]
  collapse library dir [/lib/../lib64] ==> [/lib64]
  collapse library dir [/usr/lib/../lib64] ==> [/usr/lib64]
  collapse library dir [/opt/rh/gcc-toolset-11/root/usr/lib/gcc/x86_64-redhat-linux/11/../../..] ==> [/opt/rh/gcc-toolset-11/root/usr/lib]
  implicit libs: [stdc++;m;gomp;gcc_s;gcc;pthread;c;gcc_s;gcc]
  implicit objs: []
  implicit dirs: [/opt/rh/gcc-toolset-11/root/usr/lib/gcc/x86_64-redhat-linux/11;/opt/rh/gcc-toolset-11/root/usr/lib64;/lib64;/usr/lib64;/opt/rh/gcc-toolset-11/root/usr/lib]
  implicit fwks: []


Determining if the BZ2_bzCompressInit exist passed with the following output:
Change Dir: /home/s5221926/CFA/programming-project-IsabelJoseph101/build/CMakeFiles/CMakeTmp

Run Build Command(s):/usr/bin/ninja-build cmTC_11294 && [1/2] Building C object CMakeFiles/cmTC_11294.dir/CheckSymbolExists.c.o
[2/2] Linking C executable cmTC_11294


File /home/s5221926/CFA/programming-project-IsabelJoseph101/build/CMakeFiles/CMakeTmp/CheckSymbolExists.c:
/* */
#include <bzlib.h>

int main(int argc, char** argv)
{
  (void)argv;
#ifndef BZ2_bzCompressInit
  return ((int*)(&BZ2_bzCompressInit))[argc];
#else
  (void)argc;
  return 0;
#endif
}
